*----------------------------------------------------------------------------------------
*	Innovus 17.11-s080_1 (64bit) 08/04/2017 11:13 (Linux 2.6.18-194.el5)
*	
*
* 	Date & Time:	2020-Nov-07 11:05:41 (2020-Nov-07 10:05:41 GMT)
*
*----------------------------------------------------------------------------------------
*
*	Design: Filter
*
*	Liberty Libraries used: 
*	        MyAnView: /software/dk/nangate45/liberty/NangateOpenCellLibrary_typical_ecsm_nowlm.lib
*
*	Power Domain used: 
*		Rail:        VDD 	Voltage:        1.1 
*
*       Power View : MyAnView
*
*       User-Defined Activity : N.A.
*
*	Switching Activity File used: 
*	        ../vcd/filter_syn.vcd
*			Vcd Window used(Start Time, Stop Time):(1.57731e-12, 1.57731e-12) 
*                     Vcd Scale Factor: 1 
**                    Design annotation coverage: 0/1384 = 0% 
*
*       Hierarchical Global Activity: N.A.
*
*       Global Activity: N.A.
*
*       Sequential Element Activity: N.A.
*
*       Primary Input Activity: 0.200000
*
*       Default icg ratio: N.A.
*
*       Global Comb ClockGate Ratio: N.A.
*
*	Power Units = 1mW
*
*	Time Units = 1e-09 secs 
*
*       Temperature = 25 
*
*       report_power -outfile .//Filter.rpt -rail_analysis_format VS
*
-----------------------------------------------------------------------------------------
Cell                            Internal   Switching       Total     Leakage   Cell
                                   Power       Power       Power       Power   Name
--------------------------------------------------------------------------------------
sub_fb_sub_18_U2_5              0.001478    0.003079     0.00463    7.31e-05  FA_X1
sub_fb_sub_18_U2_1              0.001423    0.003075    0.004574   7.543e-05  FA_X1
sub_fb_sub_18_U2_4              0.001478    0.003021    0.004572   7.325e-05  FA_X1
sub_fb_sub_18_U2_3              0.001464    0.002994    0.004532   7.356e-05  FA_X1
sub_fb_sub_18_U2_2               0.00143    0.002986     0.00449   7.419e-05  FA_X1
sub_fb_sub_18_U2_8              0.001475    0.002884    0.004433   7.296e-05  FA_X1
sub_fb_sub_18_U2_6              0.001475    0.002881     0.00443   7.302e-05  FA_X1
sub_fb_sub_18_U2_7              0.001475    0.002865    0.004412   7.298e-05  FA_X1
sub_fb_sub_18_U2_9              0.001473    0.002724    0.004269   7.294e-05  FA_X1
sub_fb_sub_18_U2_10             0.001363    0.002822    0.004257   7.293e-05  FA_X1
sub_fb_sub_18_U2_11             0.001333    0.002592    0.003999   7.285e-05  FA_X1
FE_OFC1_w_0                    0.0005003    0.003366    0.003887   2.144e-05  BUF_X1
reg_w_Q_reg_6_                  0.001073     0.00171    0.002869   8.565e-05  DFFR_X1
reg_w_Q_reg_1_                  0.001069    0.001701    0.002856   8.565e-05  DFFR_X1
reg_w_Q_reg_8_                  0.001073    0.001682    0.002841   8.565e-05  DFFR_X1
reg_w_Q_reg_5_                  0.001072    0.001672     0.00283   8.565e-05  DFFR_X1
reg_w_Q_reg_7_                  0.001073    0.001665    0.002824   8.565e-05  DFFR_X1
reg_w_Q_reg_4_                  0.001072    0.001639    0.002796   8.565e-05  DFFR_X1
reg_w_Q_reg_9_                  0.001073    0.001631     0.00279   8.565e-05  DFFR_X1
reg_w_Q_reg_11_                 0.001072    0.001629    0.002786   8.565e-05  DFFR_X1
reg_w_Q_reg_2_                   0.00107    0.001627    0.002782   8.565e-05  DFFR_X1
reg_w_Q_reg_3_                  0.001071    0.001618    0.002774   8.565e-05  DFFR_X1
reg_w_Q_reg_10_                 0.001072    0.001612     0.00277   8.565e-05  DFFR_X1
mul_b0_mult_18_U51              0.001434    0.001055    0.002558    6.95e-05  FA_X1
mul_b1_mult_18_U13              0.001435    0.001046    0.002553   7.102e-05  FA_X1
mul_b0_mult_18_U15              0.001435    0.001022    0.002528    7.06e-05  FA_X1
mul_b0_mult_18_U42              0.001433    0.001001    0.002506   7.182e-05  FA_X1
mul_b0_mult_18_U39              0.001438   0.0009845    0.002498   7.579e-05  FA_X1
mul_b1_mult_18_U6               0.001432   0.0009914    0.002497   7.419e-05  FA_X1
mul_b0_mult_18_U46              0.001431   0.0009888    0.002491   7.027e-05  FA_X1
mul_b0_mult_18_U48              0.001431   0.0009808    0.002488   7.663e-05  FA_X1
mul_b0_mult_18_U28              0.001434   0.0009763    0.002485   7.514e-05  FA_X1
mul_b0_mult_18_U57               0.00143   0.0009806    0.002478   6.714e-05  FA_X1
mul_b0_mult_18_U32              0.001435   0.0009617    0.002469   7.193e-05  FA_X1
mul_b0_mult_18_U16              0.001433   0.0009571     0.00246   6.995e-05  FA_X1
mul_b0_mult_18_U35              0.001432   0.0009532     0.00246   7.404e-05  FA_X1
mul_b1_mult_18_U16               0.00143   0.0009582    0.002458   6.964e-05  FA_X1
mul_b0_mult_18_U6               0.001434   0.0009469    0.002455   7.425e-05  FA_X1
mul_b1_mult_18_U15              0.001431   0.0009532    0.002455   7.021e-05  FA_X1
mul_b1_mult_18_U14              0.001431   0.0009472    0.002448   6.984e-05  FA_X1
mul_b0_mult_18_U38              0.001433   0.0009381    0.002446   7.468e-05  FA_X1
mul_b0_mult_18_U30              0.001425   0.0009451    0.002441   7.027e-05  FA_X1
mul_b0_mult_18_U67              0.001429   0.0009454    0.002441   6.611e-05  FA_X1
mul_b0_mult_18_U52               0.00143   0.0009394    0.002438   6.841e-05  FA_X1
mul_b0_mult_18_U47              0.001434   0.0009309    0.002436   7.134e-05  FA_X1
mul_b0_mult_18_U62              0.001429   0.0009346    0.002432   6.844e-05  FA_X1
mul_a1_mult_18_U16              0.001429   0.0009318    0.002431   6.982e-05  FA_X1
mul_b0_mult_18_U7               0.001432   0.0009233    0.002428   7.226e-05  FA_X1
mul_b0_mult_18_U14              0.001431   0.0009115    0.002413   7.008e-05  FA_X1
mul_b1_mult_18_U8               0.001427   0.0009113     0.00241    7.13e-05  FA_X1
mul_b1_mult_18_U9               0.001431   0.0008997    0.002405     7.4e-05  FA_X1
mul_a1_mult_18_U42              0.001375   0.0009467    0.002394   7.177e-05  FA_X1
mul_b0_mult_18_U66              0.001419   0.0009055    0.002392   6.721e-05  FA_X1
mul_b0_mult_18_U58              0.001418   0.0009056    0.002388   6.377e-05  FA_X1
mul_b1_mult_18_U11              0.001432   0.0008826    0.002387   7.269e-05  FA_X1
mul_b1_mult_18_U7               0.001427   0.0008744    0.002374    7.21e-05  FA_X1
mul_b0_mult_18_U13               0.00143   0.0008704    0.002372   7.128e-05  FA_X1
mul_b1_mult_18_U10              0.001431   0.0008623    0.002367   7.335e-05  FA_X1
mul_b1_mult_18_U12               0.00143   0.0008609    0.002363   7.161e-05  FA_X1
mul_b0_mult_18_U78              0.001423   0.0008704     0.00236   6.663e-05  FA_X1
mul_b0_mult_18_U49              0.001307   0.0009857    0.002359   6.675e-05  FA_X1
mul_b0_mult_18_U73              0.001425    0.000868    0.002359   6.644e-05  FA_X1
mul_b0_mult_18_U9               0.001431    0.000852    0.002357   7.411e-05  FA_X1
mul_a1_mult_18_U38               0.00137   0.0009063    0.002351   7.457e-05  FA_X1
mul_b1_mult_18_U38              0.001369   0.0009039    0.002348   7.457e-05  FA_X1
mul_b0_mult_18_U70              0.001425   0.0008524    0.002346   6.896e-05  FA_X1
mul_b1_mult_18_U42              0.001373    0.000897    0.002342   7.177e-05  FA_X1
mul_b0_mult_18_U68              0.001306   0.0009507    0.002324   6.675e-05  FA_X1
mul_b0_mult_18_U8               0.001428   0.0008234    0.002323   7.152e-05  FA_X1
mul_b1_mult_18_U46              0.001318   0.0009348    0.002323   7.007e-05  FA_X1
mul_b0_mult_18_U12              0.001429   0.0008152    0.002316   7.179e-05  FA_X1
mul_b0_mult_18_U11               0.00143   0.0008037    0.002306   7.277e-05  FA_X1
mul_b0_mult_18_U10               0.00143   0.0008021    0.002306   7.351e-05  FA_X1
mul_a1_mult_18_U51              0.001316   0.0009102    0.002295    6.91e-05  FA_X1
mul_b0_mult_18_U59              0.001424   0.0008014    0.002292   6.738e-05  FA_X1
mul_b0_mult_18_U54              0.001305   0.0008993    0.002275   7.057e-05  FA_X1
mul_b0_mult_18_U33              0.001303   0.0008996    0.002273   6.998e-05  FA_X1
mul_a1_mult_18_U46              0.001316   0.0008685    0.002254   7.007e-05  FA_X1
mul_b1_mult_18_U51              0.001315   0.0008675    0.002252    6.91e-05  FA_X1
mul_b0_mult_18_U37              0.001304   0.0008767    0.002251   7.028e-05  FA_X1
mul_b0_mult_18_U43              0.001423   0.0007506    0.002245   7.114e-05  FA_X1
mul_b0_mult_18_U45              0.001303   0.0008648    0.002238   7.028e-05  FA_X1
mul_b0_mult_18_U64              0.001304   0.0008551    0.002226   6.675e-05  FA_X1
mul_b0_mult_18_U36              0.001423   0.0007263    0.002216   6.603e-05  FA_X1
mul_a1_mult_18_U14              0.001422   0.0007014    0.002194   6.996e-05  FA_X1
mul_b0_mult_18_U53              0.001313   0.0008178    0.002193    6.25e-05  FA_X1
mul_a1_mult_18_U15              0.001423   0.0006967     0.00219   7.033e-05  FA_X1
mul_b0_mult_18_U27              0.001303   0.0008104    0.002184   7.028e-05  FA_X1
mul_b0_mult_18_U40              0.001304    0.000807    0.002178   6.675e-05  FA_X1
a_Y_add_18_U1_3                 0.001424   0.0006325    0.002131   7.522e-05  FA_X1
a_Y_add_18_U1_8                 0.001423   0.0006247    0.002124   7.575e-05  FA_X1
mul_b0_mult_18_U74                0.0013   0.0007569    0.002123   6.598e-05  FA_X1
mul_b0_mult_18_U76              0.001265   0.0007935     0.00212   6.172e-05  FA_X1
a_Y_add_18_U1_1                 0.001427   0.0006066    0.002107   7.358e-05  FA_X1
mul_a1_mult_18_U10              0.001423    0.000609    0.002105   7.335e-05  FA_X1
mul_a1_mult_18_U11              0.001423   0.0006076    0.002103    7.27e-05  FA_X1
a_Y_add_18_U1_5                 0.001423   0.0005949    0.002093   7.563e-05  FA_X1
mul_b0_mult_18_U60              0.001302   0.0007229    0.002091   6.642e-05  FA_X1
mul_b0_mult_18_U63              0.001259   0.0007661    0.002086   6.069e-05  FA_X1
mul_a1_mult_18_U9               0.001421   0.0005902    0.002085   7.401e-05  FA_X1
mul_a1_mult_18_U13              0.001421   0.0005912    0.002083   7.107e-05  FA_X1
a_Y_add_18_U1_7                 0.001422   0.0005843    0.002082   7.573e-05  FA_X1
mul_a1_mult_18_U12              0.001422   0.0005876    0.002081   7.164e-05  FA_X1
a_Y_add_18_U1_2                 0.001423   0.0005827     0.00208   7.467e-05  FA_X1
mul_a1_mult_18_U5               0.001409   0.0005909    0.002077   7.698e-05  FA_X1
mul_a1_mult_18_U8               0.001417   0.0005866    0.002075    7.13e-05  FA_X1
FE_OFC2_sw_0                   0.0001811    0.001863    0.002066   2.181e-05  BUF_X1
a_Y_add_18_U1_6                 0.001422    0.000564    0.002061   7.569e-05  FA_X1
mul_a1_mult_18_U6               0.001418   0.0005693    0.002061   7.401e-05  FA_X1
mul_b0_mult_18_U31                0.0013   0.0006892    0.002059   7.028e-05  FA_X1
mul_b0_mult_18_U80               0.00122   0.0007746    0.002058   6.385e-05  FA_X1
a_Y_add_18_U1_4                 0.001421   0.0005578    0.002054   7.549e-05  FA_X1
mul_a1_mult_18_U7               0.001417   0.0005568    0.002046    7.21e-05  FA_X1
a_Y_add_18_U1_9                  0.00142   0.0005427    0.002039   7.578e-05  FA_X1
mul_b0_mult_18_U44              0.001303   0.0006651    0.002035   6.675e-05  FA_X1
mul_b0_mult_18_U72              0.001222   0.0007422    0.002028   6.424e-05  FA_X1
mul_b0_mult_18_U65              0.001221   0.0007329    0.002018   6.424e-05  FA_X1
mul_b0_mult_18_U77              0.001218   0.0007314    0.002013   6.385e-05  FA_X1
mul_b0_mult_18_U329            0.0002074    0.001787    0.002009   1.435e-05  INV_X1
mul_b1_mult_18_U35              0.001111   0.0007712    0.001956   7.394e-05  FA_X1
mul_a1_mult_18_U35              0.001111   0.0007446    0.001929   7.394e-05  FA_X1
mul_a1_mult_18_U57              0.001109   0.0007494    0.001925   6.691e-05  FA_X1
mul_a1_mult_18_U62              0.001108   0.0007399    0.001916   6.795e-05  FA_X1
mul_b1_mult_18_U62              0.001108   0.0007379    0.001914   6.796e-05  FA_X1
mul_b1_mult_18_U57              0.001109   0.0007344     0.00191   6.692e-05  FA_X1
mul_a1_mult_18_U52              0.001053   0.0007118    0.001832   6.811e-05  FA_X1
mul_a1_mult_18_U66              0.001053   0.0006891    0.001809     6.7e-05  FA_X1
mul_b0_mult_18_U71              0.001106   0.0006322    0.001802   6.406e-05  FA_X1
mul_b1_mult_18_U66              0.001052    0.000658    0.001777   6.701e-05  FA_X1
mul_b1_mult_18_U43              0.001104   0.0005963    0.001771   7.068e-05  FA_X1
mul_b1_mult_18_U52               0.00105   0.0006301    0.001749   6.811e-05  FA_X1
mul_a1_mult_18_U43              0.001103   0.0005679    0.001742   7.068e-05  FA_X1
mul_a1_mult_18_U32             0.0009841   0.0006722    0.001728   7.172e-05  FA_X1
mul_b1_mult_18_U32             0.0009836   0.0006635    0.001719   7.172e-05  FA_X1
reg_DOUT_Q_reg_9_               0.001074   0.0005477    0.001708   8.565e-05  DFFR_X1
a_Y_add_18_U1_10                0.001414   0.0002148    0.001705   7.578e-05  FA_X1
reg_DOUT_Q_reg_10_              0.001074   0.0005405      0.0017   8.565e-05  DFFR_X1
reg_DOUT_Q_reg_8_               0.001074   0.0005282    0.001688   8.565e-05  DFFR_X1
reg_DOUT_Q_reg_4_               0.001074    0.000521    0.001681   8.565e-05  DFFR_X1
reg_DOUT_Q_reg_6_               0.001074   0.0005208    0.001681   8.565e-05  DFFR_X1
reg_DOUT_Q_reg_5_               0.001074   0.0005154    0.001675   8.565e-05  DFFR_X1
reg_DOUT_Q_reg_7_               0.001074   0.0005132    0.001673   8.565e-05  DFFR_X1
reg_DOUT_Q_reg_3_               0.001074   0.0004846    0.001644   8.565e-05  DFFR_X1
reg_DOUT_Q_reg_2_               0.001074   0.0004829    0.001642   8.565e-05  DFFR_X1
mul_b1_mult_18_U39             0.0008928   0.0006503    0.001619   7.578e-05  FA_X1
mul_b1_mult_18_U30             0.0008859   0.0006582    0.001614   6.997e-05  FA_X1
reg_DOUT_Q_reg_0_               0.001073   0.0004544    0.001613   8.565e-05  DFFR_X1
reg_DOUT_Q_reg_1_               0.001073   0.0004541    0.001613   8.565e-05  DFFR_X1
mul_a1_mult_18_U48             0.0008888   0.0006312    0.001597    7.65e-05  FA_X1
mul_b1_mult_18_U48             0.0008886   0.0006286    0.001594    7.65e-05  FA_X1
mul_a1_mult_18_U39             0.0008922    0.000625    0.001593   7.578e-05  FA_X1
mul_a1_mult_18_U28             0.0008903   0.0006276    0.001593   7.492e-05  FA_X1
mul_b1_mult_18_U28             0.0008898   0.0006264    0.001591   7.506e-05  FA_X1
mul_a1_mult_18_U30             0.0008845   0.0006049    0.001559   6.994e-05  FA_X1
mul_b1_mult_18_U47             0.0008898   0.0005791     0.00154   7.109e-05  FA_X1
mul_b1_mult_18_U73             0.0008842   0.0005732    0.001523   6.584e-05  FA_X1
mul_a1_mult_18_U70             0.0008846   0.0005693    0.001522   6.844e-05  FA_X1
mul_b0_mult_18_U81             0.0008674   0.0005937    0.001516   5.497e-05  HA_X1
mul_a1_mult_18_U73             0.0008838   0.0005558    0.001505   6.582e-05  FA_X1
FE_DBTC1_sw_0                  7.911e-05    0.001412    0.001505   1.362e-05  INV_X1
reg_w_Q_reg_0_                  0.001062   0.0003554    0.001504   8.565e-05  DFFR_X1
mul_a1_mult_18_U47             0.0008881   0.0005295    0.001489   7.109e-05  FA_X1
mul_b1_mult_18_U70             0.0008838   0.0005346    0.001487   6.844e-05  FA_X1
mul_a1_mult_18_U58             0.0008642    0.000532    0.001459   6.294e-05  FA_X1
mul_b0_mult_18_U61             0.0008116   0.0005796    0.001447   5.594e-05  HA_X1
mul_b1_mult_18_U58             0.0008638   0.0005142    0.001441   6.294e-05  FA_X1
mul_b1_mult_18_U59             0.0008605   0.0005065    0.001434   6.697e-05  FA_X1
mul_b0_mult_18_U69             0.0007967   0.0005779    0.001431   5.594e-05  HA_X1
mul_b1_mult_18_U78             0.0008376   0.0005134    0.001417   6.625e-05  FA_X1
mul_a1_mult_18_U59             0.0008602   0.0004883    0.001415   6.697e-05  FA_X1
mul_b0_mult_18_U75             0.0008112   0.0005461    0.001413   5.594e-05  HA_X1
mul_a1_mult_18_U78             0.0008374   0.0005069    0.001411   6.624e-05  FA_X1
mul_b1_mult_18_U36             0.0008318   0.0004663    0.001364   6.549e-05  FA_X1
mul_b1_mult_18_U67             0.0008097   0.0004806    0.001356   6.562e-05  FA_X1
mul_b0_mult_18_U79               0.00081   0.0004846    0.001351   5.594e-05  HA_X1
mul_a1_mult_18_U54             0.0007104   0.0005587    0.001339   7.026e-05  FA_X1
mul_a1_mult_18_U67             0.0008094   0.0004635    0.001339    6.56e-05  FA_X1
mul_b1_mult_18_U53             0.0007688   0.0004928    0.001324   6.246e-05  FA_X1
mul_a1_mult_18_U36             0.0008309   0.0004156    0.001312   6.549e-05  FA_X1
mul_b1_mult_18_U45             0.0007097   0.0005189    0.001299   6.998e-05  FA_X1
mul_b1_mult_18_U33             0.0007086    0.000518    0.001296   6.968e-05  FA_X1
mul_a1_mult_18_U53             0.0007677   0.0004532    0.001283   6.246e-05  FA_X1
mul_b1_mult_18_U68             0.0007098   0.0005046    0.001281   6.625e-05  FA_X1
mul_a1_mult_18_U33             0.0007083   0.0005007    0.001279   6.968e-05  FA_X1
mul_a1_mult_18_U68             0.0007094   0.0005012    0.001277   6.625e-05  FA_X1
mul_a1_mult_18_U45             0.0007086   0.0004895    0.001268   6.998e-05  FA_X1
mul_b1_mult_18_U76             0.0007375   0.0004656    0.001265   6.155e-05  FA_X1
mul_a1_mult_18_U76              0.000738   0.0004648    0.001264   6.153e-05  FA_X1
mul_b1_mult_18_U64             0.0007092   0.0004879    0.001263   6.625e-05  FA_X1
mul_a1_mult_18_U49             0.0007092   0.0004851    0.001261   6.625e-05  FA_X1
mul_a1_mult_18_U27              0.000709   0.0004808     0.00126   6.998e-05  FA_X1
mul_b1_mult_18_U54             0.0007089   0.0004803    0.001259   7.026e-05  FA_X1
mul_a1_mult_18_U64             0.0007091   0.0004747     0.00125   6.625e-05  FA_X1
mul_b1_mult_18_U37              0.000708   0.0004687    0.001247   6.998e-05  FA_X1
reg_a1_Q_reg_10_               0.0005341   0.0006262    0.001246   8.565e-05  DFFR_X1
mul_a1_mult_18_U63             0.0007408   0.0004421    0.001243   6.034e-05  FA_X1
reg_b0_Q_reg_10_               0.0005342   0.0006214    0.001241   8.565e-05  DFFR_X1
mul_b1_mult_18_U27             0.0007086   0.0004611     0.00124   6.998e-05  FA_X1
mul_b1_mult_18_U49             0.0007088   0.0004578    0.001233   6.625e-05  FA_X1
mul_a1_mult_18_U37             0.0007079   0.0004531    0.001231   6.998e-05  FA_X1
mul_b0_mult_18_U356            0.0005599   0.0006334     0.00123    3.67e-05  XNOR2_X1
reg_b1_Q_reg_10_               0.0005342   0.0006088    0.001229   8.565e-05  DFFR_X1
mul_b1_mult_18_U63               0.00074   0.0004257    0.001226   6.036e-05  FA_X1
mul_a1_mult_18_U40             0.0007083   0.0004345    0.001209   6.625e-05  FA_X1
mul_b1_mult_18_U40             0.0007082   0.0004235    0.001198   6.625e-05  FA_X1
mul_b1_mult_18_U74             0.0007058   0.0004191     0.00119    6.55e-05  FA_X1
mul_a1_mult_18_U60             0.0007074    0.000416    0.001189   6.592e-05  FA_X1
mul_a1_mult_18_U44             0.0007087   0.0004029    0.001178   6.625e-05  FA_X1
mul_a1_mult_18_U74             0.0007056   0.0004056    0.001177    6.55e-05  FA_X1
mul_b1_mult_18_U60             0.0007069    0.000403    0.001176   6.592e-05  FA_X1
mul_b1_mult_18_U44             0.0007081   0.0003965    0.001171   6.625e-05  FA_X1
mul_a1_mult_18_U31             0.0007066   0.0003877    0.001164   6.968e-05  FA_X1
reg_b0_Q_reg_5_                0.0005343   0.0005374    0.001157   8.565e-05  DFFR_X1
mul_b1_mult_18_U31             0.0007064   0.0003808    0.001157   6.998e-05  FA_X1
reg_b0_Q_reg_7_                0.0005344    0.000537    0.001157   8.565e-05  DFFR_X1
reg_b1_Q_reg_7_                0.0005344   0.0005301     0.00115   8.565e-05  DFFR_X1
reg_a1_Q_reg_5_                0.0005343   0.0005252    0.001145   8.565e-05  DFFR_X1
reg_b1_Q_reg_3_                0.0005344   0.0005246    0.001145   8.565e-05  DFFR_X1
reg_b1_Q_reg_5_                0.0005344   0.0005245    0.001145   8.565e-05  DFFR_X1
reg_b0_Q_reg_1_                0.0005344   0.0005245    0.001145   8.565e-05  DFFR_X1
reg_a1_Q_reg_7_                0.0005342   0.0005225    0.001142   8.565e-05  DFFR_X1
reg_b0_Q_reg_9_                0.0005344   0.0005203     0.00114   8.565e-05  DFFR_X1
reg_b1_Q_reg_9_                0.0005345   0.0005174    0.001138   8.565e-05  DFFR_X1
reg_a1_Q_reg_9_                0.0005343   0.0005173    0.001137   8.565e-05  DFFR_X1
reg_b0_Q_reg_3_                0.0005343   0.0005132    0.001133   8.565e-05  DFFR_X1
reg_a1_Q_reg_3_                0.0005345   0.0005031    0.001123   8.565e-05  DFFR_X1
reg_b1_Q_reg_1_                0.0005345   0.0004981    0.001118   8.565e-05  DFFR_X1
reg_a1_Q_reg_1_                0.0005345   0.0004896     0.00111   8.565e-05  DFFR_X1
mul_b0_mult_18_U439            0.0005618   0.0005076    0.001106    3.67e-05  XNOR2_X1
mul_b0_mult_18_U423            0.0005586   0.0005006    0.001096    3.67e-05  XNOR2_X1
mul_a1_mult_18_U77             0.0006271   0.0004019    0.001092   6.263e-05  FA_X1
mul_a1_mult_18_U72             0.0006286   0.0003987     0.00109   6.299e-05  FA_X1
mul_b1_mult_18_U80             0.0006271   0.0003915    0.001081   6.263e-05  FA_X1
mul_a1_mult_18_U80             0.0006269   0.0003912    0.001081   6.263e-05  FA_X1
mul_b1_mult_18_U72             0.0006285   0.0003845    0.001076   6.299e-05  FA_X1
mul_b0_mult_18_U482             0.000566   0.0004725    0.001075    3.67e-05  XNOR2_X1
mul_b0_mult_18_U400            0.0005586   0.0004795    0.001075    3.67e-05  XNOR2_X1
mul_b0_mult_18_U447            0.0005592   0.0004777    0.001074    3.67e-05  XNOR2_X1
mul_b0_mult_18_U368            0.0005623   0.0004724    0.001071    3.67e-05  XNOR2_X1
mul_b0_mult_18_U374             0.000559   0.0004724    0.001068    3.67e-05  XNOR2_X1
mul_b0_mult_18_U484            0.0005662   0.0004626    0.001065    3.67e-05  XNOR2_X1
mul_b0_mult_18_U412            0.0005641   0.0004621    0.001063    3.67e-05  XNOR2_X1
mul_b0_mult_18_U394            0.0005623   0.0004633    0.001062    3.67e-05  XNOR2_X1
mul_b0_mult_18_U461            0.0005626   0.0004624    0.001062    3.67e-05  XNOR2_X1
mul_b0_mult_18_U372            0.0005636   0.0004607    0.001061    3.67e-05  XNOR2_X1
mul_b0_mult_18_U488            0.0005652   0.0004582     0.00106    3.67e-05  XNOR2_X1
mul_b0_mult_18_U420             0.000564   0.0004589     0.00106    3.67e-05  XNOR2_X1
mul_b0_mult_18_U376            0.0005593   0.0004627    0.001059    3.67e-05  XNOR2_X1
mul_b1_mult_18_U71             0.0005996   0.0003949    0.001058   6.367e-05  FA_X1
mul_b0_mult_18_U370            0.0005628   0.0004583    0.001058    3.67e-05  XNOR2_X1
mul_b0_mult_18_U492            0.0005618   0.0004589    0.001057    3.67e-05  XNOR2_X1
mul_b0_mult_18_U402            0.0005588   0.0004617    0.001057    3.67e-05  XNOR2_X1
mul_b0_mult_18_U445            0.0005595   0.0004604    0.001057    3.67e-05  XNOR2_X1
mul_b1_mult_18_U65             0.0006278   0.0003634    0.001054   6.299e-05  FA_X1
mul_b0_mult_18_U452            0.0005567   0.0004601    0.001054    3.67e-05  XNOR2_X1
mul_b0_mult_18_U490            0.0005664   0.0004497    0.001053    3.67e-05  XNOR2_X1
mul_a1_mult_18_U65             0.0006276    0.000361    0.001052   6.299e-05  FA_X1
mul_b0_mult_18_U416            0.0005631   0.0004517    0.001052    3.67e-05  XNOR2_X1
mul_b0_mult_18_U392            0.0005625    0.000452    0.001051    3.67e-05  XNOR2_X1
mul_b0_mult_18_U451            0.0005613   0.0004531    0.001051    3.67e-05  XNOR2_X1
mul_b0_mult_18_U468            0.0005593    0.000453    0.001049    3.67e-05  XNOR2_X1
mul_b1_mult_18_U77             0.0006262   0.0003597    0.001049   6.263e-05  FA_X1
mul_b0_mult_18_U398            0.0005592   0.0004513    0.001047    3.67e-05  XNOR2_X1
mul_b0_mult_18_U425            0.0005597   0.0004506    0.001047    3.67e-05  XNOR2_X1
mul_b0_mult_18_U382            0.0005611   0.0004489    0.001047    3.67e-05  XNOR2_X1
mul_b0_mult_18_U462            0.0005641   0.0004453    0.001046    3.67e-05  XNOR2_X1
mul_b0_mult_18_U427            0.0005614   0.0004477    0.001046    3.67e-05  XNOR2_X1
mul_b0_mult_18_U414            0.0005645   0.0004444    0.001046    3.67e-05  XNOR2_X1
mul_b0_mult_18_U388             0.000564   0.0004442    0.001045    3.67e-05  XNOR2_X1
mul_b0_mult_18_U390            0.0005639   0.0004442    0.001045    3.67e-05  XNOR2_X1
mul_b0_mult_18_U449            0.0005598   0.0004483    0.001045    3.67e-05  XNOR2_X1
mul_b0_mult_18_U380            0.0005566   0.0004512    0.001045    3.67e-05  XNOR2_X1
mul_b0_mult_18_U464             0.000563   0.0004439    0.001044    3.67e-05  XNOR2_X1
mul_b0_mult_18_U486            0.0005656   0.0004408    0.001043    3.67e-05  XNOR2_X1
mul_b0_mult_18_U459            0.0005643   0.0004421    0.001043    3.67e-05  XNOR2_X1
mul_b0_mult_18_U418            0.0005634   0.0004421    0.001042    3.67e-05  XNOR2_X1
mul_b0_mult_18_U470            0.0005597   0.0004447    0.001041    3.67e-05  XNOR2_X1
mul_b0_mult_18_U443            0.0005645   0.0004394    0.001041    3.67e-05  XNOR2_X1
mul_b0_mult_18_U384            0.0005621   0.0004411     0.00104    3.67e-05  XNOR2_X1
mul_b0_mult_18_U512            0.0005643   0.0004384    0.001039    3.67e-05  XNOR2_X1
mul_b0_mult_18_U405            0.0005564   0.0004463    0.001039    3.67e-05  XNOR2_X1
mul_b0_mult_18_U407            0.0005606   0.0004407    0.001039    3.81e-05  XOR2_X1
mul_b0_mult_18_U474            0.0005612   0.0004408    0.001039    3.67e-05  XNOR2_X1
mul_b0_mult_18_U498            0.0005639   0.0004372    0.001038    3.67e-05  XNOR2_X1
mul_b0_mult_18_U441            0.0005636   0.0004368    0.001037    3.67e-05  XNOR2_X1
mul_b0_mult_18_U466            0.0005642   0.0004359    0.001037    3.67e-05  XNOR2_X1
mul_b0_mult_18_U475            0.0005567   0.0004425    0.001036    3.67e-05  XNOR2_X1
mul_b0_mult_18_U437            0.0005647   0.0004337    0.001035    3.67e-05  XNOR2_X1
mul_b0_mult_18_U454            0.0005626    0.000435    0.001034    3.67e-05  XNOR2_X1
mul_b0_mult_18_U435            0.0005649   0.0004326    0.001034    3.67e-05  XNOR2_X1
mul_b0_mult_18_U378            0.0005597   0.0004363    0.001033    3.67e-05  XNOR2_X1
mul_b0_mult_18_U477            0.0005623   0.0004322    0.001031    3.67e-05  XNOR2_X1
mul_b0_mult_18_U472            0.0005597   0.0004337     0.00103    3.67e-05  XNOR2_X1
mul_b0_mult_18_U396            0.0005641   0.0004289     0.00103    3.67e-05  XNOR2_X1
mul_b0_mult_18_U494            0.0005625     0.00043    0.001029    3.67e-05  XNOR2_X1
mul_b0_mult_18_U428            0.0005573   0.0004349    0.001029    3.67e-05  XNOR2_X1
mul_b0_mult_18_U422            0.0005603   0.0004315    0.001029    3.67e-05  XNOR2_X1
mul_b0_mult_18_U496            0.0005625   0.0004267    0.001026    3.67e-05  XNOR2_X1
mul_b0_mult_18_U404            0.0005614   0.0004235    0.001022    3.67e-05  XNOR2_X1
mul_b0_mult_18_U362            0.0003659   0.0006196    0.001021   3.523e-05  OAI22_X1
mul_b0_mult_18_U499            0.0005597    0.000421    0.001017    3.67e-05  XNOR2_X1
mul_a1_mult_18_U71             0.0005991   0.0003526    0.001015   6.366e-05  FA_X1
mul_b0_mult_18_U430            0.0005632   0.0004136    0.001013    3.67e-05  XNOR2_X1
mul_b0_mult_18_U363            0.0003669   0.0005484   0.0009506   3.523e-05  OAI22_X1
mul_b1_mult_18_U353            0.0006525   0.0002447   0.0009418   4.456e-05  AOI222_X1
mul_b0_mult_18_U353            0.0006687   0.0002221   0.0009356   4.477e-05  AOI222_X1
mul_b0_mult_18_U364             0.000367   0.0005019   0.0009042   3.523e-05  OAI22_X1
FE_OFC3_VIN                    7.055e-05   0.0007892   0.0009028   4.306e-05  BUF_X2
mul_b0_mult_18_U365            0.0003667   0.0004975   0.0008994   3.523e-05  OAI22_X1
mul_b1_mult_18_U500             0.000575   0.0002804   0.0008957   4.027e-05  AOI222_X1
mul_b0_mult_18_U500             0.000602   0.0002499   0.0008927   4.073e-05  AOI222_X1
FF_VOUT_FD_0_Q_reg             0.0004113   0.0003826   0.0008801   8.621e-05  DFFR_X1
a_Y_add_18_U2                  0.0005065   0.0003479   0.0008795   2.507e-05  AND2_X1
mul_b0_mult_18_U501            0.0005973   0.0002412   0.0008776   3.917e-05  AOI222_X1
mul_a1_mult_18_U499            0.0005805   0.0002486   0.0008696   4.044e-05  AOI222_X1
mul_b0_mult_18_U480            0.0006024   0.0002264   0.0008662   3.738e-05  XNOR2_X1
mul_b0_mult_18_U503            0.0005975   0.0002289   0.0008643   3.789e-05  AOI222_X1
mul_b0_mult_18_U504            0.0005924   0.0002338   0.0008621   3.595e-05  AOI222_X1
mul_b0_mult_18_U433               0.0006   0.0002217   0.0008591   3.738e-05  XNOR2_X1
mul_b0_mult_18_U410            0.0006001   0.0002184   0.0008559   3.738e-05  XNOR2_X1
mul_b1_mult_18_U501             0.000566   0.0002508   0.0008556   3.874e-05  AOI222_X1
mul_b0_mult_18_U386            0.0005993   0.0002187   0.0008554   3.738e-05  XNOR2_X1
mul_b0_mult_18_U502             0.000563   0.0002551   0.0008549   3.685e-05  AOI222_X1
mul_b0_mult_18_U457            0.0005996   0.0002178   0.0008548   3.738e-05  XNOR2_X1
mul_b1_mult_18_U502            0.0005104   0.0003067   0.0008537    3.66e-05  AOI222_X1
mul_a1_mult_18_U81             0.0004693   0.0003215   0.0008456   5.472e-05  HA_X1
mul_b0_mult_18_U358            0.0004698   0.0003334   0.0008412   3.799e-05  XNOR2_X1
mul_a1_mult_18_U69             0.0004432   0.0003386   0.0008374   5.568e-05  HA_X1
a_Y_add_18_U1                  0.0005904   0.0002067   0.0008333   3.616e-05  XOR2_X1
mul_b0_mult_18_U359            0.0004627   0.0003342   0.0008206   2.374e-05  OR2_X1
mul_b1_mult_18_U81             0.0004582   0.0003044   0.0008173   5.472e-05  HA_X1
mul_b1_mult_18_U69             0.0004425   0.0003119   0.0008101   5.568e-05  HA_X1
mul_b0_mult_18_U438            0.0003672   0.0004074   0.0008098   3.523e-05  OAI22_X1
mul_b0_mult_18_U491            0.0003676   0.0004045   0.0008073   3.523e-05  OAI22_X1
mul_b0_mult_18_U403            0.0003656   0.0004056   0.0008065   3.523e-05  OAI22_X1
mul_b0_mult_18_U389            0.0003656   0.0003957   0.0007965   3.523e-05  OAI22_X1
mul_b0_mult_18_U487            0.0003676   0.0003924   0.0007952   3.523e-05  OAI22_X1
mul_b0_mult_18_U485            0.0003676   0.0003923   0.0007951   3.523e-05  OAI22_X1
mul_b0_mult_18_U493            0.0003675   0.0003905   0.0007932   3.523e-05  OAI22_X1
mul_b1_mult_18_U75             0.0004417   0.0002949   0.0007923   5.568e-05  HA_X1
mul_b0_mult_18_U497            0.0003674   0.0003764   0.0007791   3.523e-05  OAI22_X1
mul_a1_mult_18_U75             0.0004421   0.0002803   0.0007781   5.568e-05  HA_X1
mul_b1_mult_18_U61             0.0004421   0.0002799   0.0007777   5.568e-05  HA_X1
mul_b0_mult_18_U436            0.0003668   0.0003748   0.0007769   3.523e-05  OAI22_X1
mul_b0_mult_18_U458            0.0003665   0.0003728   0.0007745   3.523e-05  OAI22_X1
mul_a1_mult_18_U500             0.000522    0.000213   0.0007738   3.886e-05  AOI222_X1
mul_b0_mult_18_U434            0.0003667   0.0003709   0.0007729   3.523e-05  OAI22_X1
mul_b0_mult_18_U495            0.0003674   0.0003689   0.0007715   3.523e-05  OAI22_X1
mul_b0_mult_18_U426            0.0003666   0.0003673   0.0007691   3.523e-05  OAI22_X1
mul_b0_mult_18_U489            0.0003676   0.0003656   0.0007685   3.523e-05  OAI22_X1
mul_b0_mult_18_U413            0.0003666   0.0003659   0.0007677   3.523e-05  OAI22_X1
mul_b0_mult_18_U440            0.0003668   0.0003641   0.0007661   3.523e-05  OAI22_X1
mul_b0_mult_18_U349            0.0001763   0.0005136   0.0007657   7.577e-05  XOR2_X2
mul_b0_mult_18_U355            0.0003687   0.0003605   0.0007644   3.523e-05  OAI22_X1
mul_b1_mult_18_U317            0.0001833   0.0005053   0.0007644   7.577e-05  XOR2_X2
mul_a1_mult_18_U61             0.0004416   0.0002667    0.000764   5.568e-05  HA_X1
mul_b0_mult_18_U469            0.0003664   0.0003602   0.0007619   3.523e-05  OAI22_X1
mul_b0_mult_18_U460            0.0003665   0.0003597   0.0007614   3.523e-05  OAI22_X1
mul_b1_mult_18_U350            0.0001764   0.0005085   0.0007606   7.577e-05  XOR2_X2
mul_b0_mult_18_U399            0.0003657   0.0003596   0.0007606   3.523e-05  OAI22_X1
reg_b0_Q_reg_8_                 0.000533   0.0001416   0.0007603   8.565e-05  DFFR_X1
mul_b1_mult_18_U79             0.0004409    0.000261   0.0007576   5.568e-05  HA_X1
mul_b0_mult_18_U424            0.0003666   0.0003555   0.0007573   3.523e-05  OAI22_X1
mul_b0_mult_18_U401            0.0003656   0.0003562    0.000757   3.523e-05  OAI22_X1
mul_a1_mult_18_U79             0.0004416   0.0002591   0.0007564   5.568e-05  HA_X1
mul_b1_mult_18_U349            0.0001764    0.000503   0.0007552   7.577e-05  XOR2_X2
mul_b0_mult_18_U348            0.0001764   0.0005027   0.0007549   7.577e-05  XOR2_X2
reg_DIN_Q_reg_10_               0.000533   0.0001347   0.0007534   8.565e-05  DFFR_X1
mul_a1_mult_18_U350            0.0001764   0.0005012   0.0007533   7.577e-05  XOR2_X2
mul_a1_mult_18_U349            0.0001764    0.000501   0.0007531   7.577e-05  XOR2_X2
mul_a1_mult_18_U317            0.0001839   0.0004934    0.000753   7.577e-05  XOR2_X2
reg_b1_Q_reg_8_                0.0005329   0.0001339   0.0007525   8.565e-05  DFFR_X1
mul_b1_mult_18_U348            0.0001764   0.0005001   0.0007523   7.577e-05  XOR2_X2
reg_a1_Q_reg_4_                0.0005328   0.0001337   0.0007522   8.565e-05  DFFR_X1
mul_b0_mult_18_U415            0.0003666   0.0003481   0.0007499   3.523e-05  OAI22_X1
reg_b1_Q_reg_6_                0.0005329    0.000131   0.0007495   8.565e-05  DFFR_X1
reg_a1_Q_reg_8_                0.0005328   0.0001304   0.0007488   8.565e-05  DFFR_X1
reg_b0_Q_reg_4_                0.0005328   0.0001299   0.0007483   8.565e-05  DFFR_X1
reg_a1_Q_reg_6_                0.0005327   0.0001296    0.000748   8.565e-05  DFFR_X1
mul_b0_mult_18_U317            0.0001839   0.0004878   0.0007475   7.577e-05  XOR2_X2
mul_b0_mult_18_U350            0.0001764   0.0004949   0.0007471   7.577e-05  XOR2_X2
mul_b0_mult_18_U481            0.0003677   0.0003441    0.000747   3.523e-05  OAI22_X1
reg_b1_Q_reg_4_                0.0005328   0.0001279   0.0007464   8.565e-05  DFFR_X1
mul_b0_mult_18_U467            0.0003664   0.0003437   0.0007453   3.523e-05  OAI22_X1
reg_b0_Q_reg_6_                0.0005327   0.0001269   0.0007453   8.565e-05  DFFR_X1
mul_b0_mult_18_U473            0.0003664   0.0003436   0.0007452   3.523e-05  OAI22_X1
mul_b0_mult_18_U354            0.0003677   0.0003422   0.0007452   3.523e-05  OAI22_X1
mul_b0_mult_18_U385            0.0003642   0.0003452   0.0007447   3.523e-05  OAI22_X1
mul_b0_mult_18_U417            0.0003666   0.0003416   0.0007434   3.523e-05  OAI22_X1
mul_b0_mult_18_U411            0.0003667   0.0003401    0.000742   3.523e-05  OAI22_X1
mul_a1_mult_18_U348            0.0001764   0.0004897   0.0007419   7.577e-05  XOR2_X2
mul_b0_mult_18_U446            0.0003669   0.0003359    0.000738   3.523e-05  OAI22_X1
mul_b0_mult_18_U360            0.0003665   0.0003352   0.0007369   3.523e-05  OAI22_X1
mul_b0_mult_18_U471            0.0003663   0.0003323   0.0007339   3.523e-05  OAI22_X1
mul_b0_mult_18_U463            0.0003664   0.0003318   0.0007334   3.523e-05  OAI22_X1
mul_b0_mult_18_U421            0.0003668   0.0003289    0.000731   3.523e-05  OAI22_X1
reg_b1_Q_reg_2_                0.0005322   0.0001118   0.0007297   8.565e-05  DFFR_X1
mul_b0_mult_18_U479            0.0003665   0.0003267   0.0007284   3.523e-05  OAI22_X1
mul_b0_mult_18_U409            0.0003653   0.0003275   0.0007281   3.523e-05  OAI22_X1
mul_b0_mult_18_U450            0.0003668   0.0003237   0.0007258   3.523e-05  OAI22_X1
mul_b0_mult_18_U444            0.0003669   0.0003227   0.0007248   3.523e-05  OAI22_X1
mul_b0_mult_18_U442            0.0003667    0.000322    0.000724   3.523e-05  OAI22_X1
reg_a1_Q_reg_2_                 0.000532   0.0001035   0.0007211   8.565e-05  DFFR_X1
mul_b0_mult_18_U395            0.0003653   0.0003203   0.0007208   3.523e-05  OAI22_X1
mul_b0_mult_18_U456            0.0003651   0.0003205   0.0007208   3.523e-05  OAI22_X1
mul_b0_mult_18_U432            0.0003655   0.0003192   0.0007199   3.523e-05  OAI22_X1
mul_b0_mult_18_U361            0.0003665   0.0003157   0.0007174   3.523e-05  OAI22_X1
reg_b0_Q_reg_2_                0.0005317   9.945e-05   0.0007168   8.565e-05  DFFR_X1
reg_DIN_Q_reg_0_               0.0005315   9.263e-05   0.0007097   8.565e-05  DFFR_X1
mul_b0_mult_18_U391            0.0003654   0.0003071   0.0007078   3.523e-05  OAI22_X1
mul_b1_mult_18_U503            0.0004742   0.0001936   0.0007053   3.749e-05  AOI222_X1
sub_fb_sub_18_U1               0.0005284    0.000138   0.0007031    3.67e-05  XNOR2_X1
reg_DIN_Q_reg_1_               0.0005312   8.604e-05   0.0007029   8.565e-05  DFFR_X1
FE_RC_14_0                     0.0004542   0.0002189   0.0007024   2.924e-05  AOI21_X1
reg_DIN_Q_reg_9_               0.0005313   8.496e-05   0.0007019   8.565e-05  DFFR_X1
reg_DIN_Q_reg_6_               0.0005313   8.388e-05   0.0007008   8.565e-05  DFFR_X1
reg_DIN_Q_reg_2_               0.0005312   8.371e-05   0.0007005   8.565e-05  DFFR_X1
mul_b0_mult_18_U465            0.0003663   0.0002986   0.0007002   3.523e-05  OAI22_X1
reg_DIN_Q_reg_3_               0.0005311   8.189e-05   0.0006987   8.565e-05  DFFR_X1
reg_DIN_Q_reg_5_               0.0005311   8.148e-05   0.0006982   8.565e-05  DFFR_X1
reg_DIN_Q_reg_8_               0.0005312   8.102e-05   0.0006978   8.565e-05  DFFR_X1
reg_DIN_Q_reg_4_               0.0005311    8.04e-05   0.0006971   8.565e-05  DFFR_X1
reg_DIN_Q_reg_7_               0.0005311   8.006e-05   0.0006968   8.565e-05  DFFR_X1
FE_RC_20_0                     0.0004301   0.0002353   0.0006947   2.934e-05  AOI21_X1
mul_b0_mult_18_U387            0.0003653   0.0002871   0.0006876   3.523e-05  OAI22_X1
mul_b0_mult_18_U320            0.0002057   0.0004582    0.000681   1.709e-05  INV_X1
mul_b0_mult_18_U448            0.0003667   0.0002782   0.0006801   3.523e-05  OAI22_X1
mul_b0_mult_18_U483            0.0003676   0.0002752   0.0006781   3.523e-05  OAI22_X1
reg_a1_Q_reg_0_                0.0005307   5.634e-05   0.0006727   8.565e-05  DFFR_X1
reg_b0_Q_reg_0_                0.0005306   5.412e-05   0.0006704   8.565e-05  DFFR_X1
reg_b1_Q_reg_0_                0.0005306   5.291e-05   0.0006691   8.565e-05  DFFR_X1
mul_b0_mult_18_U393            0.0003653   0.0002685   0.0006691   3.523e-05  OAI22_X1
sub_fb_sub_18_U9               0.0001887   0.0004653   0.0006683   1.436e-05  INV_X1
sub_fb_sub_18_U15              0.0001887   0.0004651   0.0006682   1.436e-05  INV_X1
mul_b0_mult_18_U419            0.0003666   0.0002652   0.0006671   3.523e-05  OAI22_X1
mul_b0_mult_18_U322            0.0002095   0.0004408   0.0006668   1.653e-05  INV_X1
sub_fb_sub_18_U4               0.0001888   0.0004617   0.0006648   1.435e-05  INV_X1
sub_fb_sub_18_U14              0.0001888   0.0004603   0.0006634   1.435e-05  INV_X1
sub_fb_sub_18_U3               0.0001888   0.0004597   0.0006628   1.435e-05  INV_X1
sub_fb_sub_18_U5               0.0001888   0.0004595   0.0006626   1.439e-05  INV_X1
sub_fb_sub_18_U12              0.0001888   0.0004563   0.0006594   1.435e-05  INV_X1
sub_fb_sub_18_U10               0.000189   0.0004558   0.0006592   1.435e-05  INV_X1
mul_b1_mult_18_U321            0.0002097   0.0004332    0.000659   1.614e-05  INV_X1
sub_fb_sub_18_U13              0.0001888   0.0004521   0.0006553   1.435e-05  INV_X1
mul_b0_mult_18_U397            0.0003653   0.0002542   0.0006547   3.523e-05  OAI22_X1
sub_fb_sub_18_U11              0.0001888   0.0004499    0.000653   1.435e-05  INV_X1
mul_b0_mult_18_U319            0.0002071   0.0004287   0.0006522   1.648e-05  INV_X1
sub_fb_sub_18_U7               0.0001891   0.0004486   0.0006521   1.435e-05  INV_X1
mul_b0_mult_18_U321            0.0002088   0.0004273   0.0006521   1.601e-05  INV_X1
mul_b0_mult_18_U371            0.0002886    0.000326   0.0006512   3.665e-05  OAI22_X1
mul_b0_mult_18_U367            0.0002886   0.0003215   0.0006468   3.665e-05  OAI22_X1
mul_b0_mult_18_U505            0.0004329   0.0001808   0.0006467     3.3e-05  AOI222_X1
mul_b0_mult_18_U373            0.0002886   0.0003099   0.0006352   3.665e-05  OAI22_X1
mul_a1_mult_18_U322            0.0001837   0.0004271   0.0006268     1.6e-05  INV_X1
mul_b0_mult_18_U377            0.0002884      0.0003    0.000625   3.665e-05  OAI22_X1
mul_b0_mult_18_U366            0.0002885   0.0002982   0.0006233   3.665e-05  OAI22_X1
mul_b1_mult_18_U322            0.0002086   0.0003964   0.0006216   1.663e-05  INV_X1
mul_b0_mult_18_U381            0.0002884   0.0002925   0.0006175   3.665e-05  OAI22_X1
mul_b0_mult_18_U324            0.0001453   0.0004584   0.0006166   1.297e-05  INV_X1
mul_b0_mult_18_U369            0.0002886   0.0002894   0.0006146   3.665e-05  OAI22_X1
mul_b0_mult_18_U318            0.0002136   0.0003741   0.0006032   1.549e-05  INV_X1
mul_a1_mult_18_U319            0.0002138   0.0003681   0.0005974   1.548e-05  INV_X1
mul_a1_mult_18_U501            0.0003963   0.0001642   0.0005972   3.671e-05  AOI222_X1
mul_a1_mult_18_U453            0.0002697   0.0002899    0.000597   3.744e-05  XNOR2_X1
mul_b1_mult_18_U318            0.0002188   0.0003556     0.00059   1.563e-05  INV_X1
FF_VOUT_FD_1_Q_reg             0.0004106   8.638e-05   0.0005832   8.621e-05  DFFR_X1
mul_b0_mult_18_U506            0.0003988   0.0001498   0.0005804   3.181e-05  AOI222_X1
mul_b0_mult_18_U379            0.0002885   0.0002547   0.0005798   3.665e-05  OAI22_X1
FE_RC_18_0                     0.0003233   0.0002193   0.0005751    3.25e-05  AOI21_X1
mul_b0_mult_18_U375            0.0002885   0.0002428   0.0005679   3.665e-05  OAI22_X1
mul_b1_mult_18_U504            0.0003754   0.0001504   0.0005612   3.538e-05  AOI222_X1
mul_a1_mult_18_U359            0.0001966   0.0003264   0.0005586   3.563e-05  OAI22_X1
mul_a1_mult_18_U502             0.000364   0.0001557   0.0005573   3.758e-05  AOI222_X1
mul_b1_mult_18_U363            0.0001974   0.0003231   0.0005561   3.563e-05  OAI22_X1
mul_a1_mult_18_U360            0.0001973   0.0003195   0.0005525   3.563e-05  OAI22_X1
mul_b1_mult_18_U362            0.0001968     0.00031   0.0005424   3.563e-05  OAI22_X1
mul_b0_mult_18_U339             0.000309   0.0002004   0.0005404   3.101e-05  MUX2_X1
mul_b0_mult_18_U334            0.0001689   0.0003572    0.000539   1.297e-05  INV_X1
mul_b1_mult_18_U319            0.0001672   0.0003522    0.000536    1.66e-05  INV_X1
mul_b1_mult_18_U404            0.0002716   0.0002255   0.0005345   3.744e-05  XNOR2_X1
mul_a1_mult_18_U351            0.0004938           0   0.0005329   3.907e-05  AOI221_X1
mul_a1_mult_18_U481            0.0002768   0.0002146   0.0005288   3.744e-05  XNOR2_X1
mul_a1_mult_18_U485            0.0002747   0.0002166   0.0005288   3.744e-05  XNOR2_X1
mul_a1_mult_18_U361            0.0001974   0.0002933   0.0005264   3.563e-05  OAI22_X1
mul_a1_mult_18_U401            0.0002731   0.0002155    0.000526   3.744e-05  XNOR2_X1
mul_b1_mult_18_U372            0.0002726   0.0002155   0.0005256   3.744e-05  XNOR2_X1
mul_a1_mult_18_U379            0.0002718    0.000216   0.0005252   3.744e-05  XNOR2_X1
mul_a1_mult_18_U403            0.0002715   0.0002154   0.0005243   3.744e-05  XNOR2_X1
mul_a1_mult_18_U493             0.000276   0.0002106   0.0005241   3.744e-05  XNOR2_X1
mul_b1_mult_18_U466            0.0002731   0.0002134    0.000524   3.744e-05  XNOR2_X1
mul_b1_mult_18_U374            0.0002734    0.000213   0.0005239   3.744e-05  XNOR2_X1
mul_b0_mult_18_U326            0.0001663     0.00034   0.0005238   1.754e-05  INV_X1
mul_b1_mult_18_U405            0.0002727   0.0002137   0.0005238   3.744e-05  XNOR2_X1
mul_b1_mult_18_U512            0.0002716   0.0002146   0.0005237   3.744e-05  XNOR2_X1
mul_b1_mult_18_U492            0.0002764   0.0002089   0.0005228   3.744e-05  XNOR2_X1
mul_b1_mult_18_U488            0.0002749     0.00021   0.0005224   3.744e-05  XNOR2_X1
mul_a1_mult_18_U487            0.0002755   0.0002094   0.0005223   3.744e-05  XNOR2_X1
mul_b1_mult_18_U496            0.0002761   0.0002087   0.0005223   3.744e-05  XNOR2_X1
mul_a1_mult_18_U373            0.0002733   0.0002114   0.0005221   3.744e-05  XNOR2_X1
mul_a1_mult_18_U444            0.0002742   0.0002104    0.000522   3.744e-05  XNOR2_X1
mul_a1_mult_18_U483            0.0002751   0.0002094    0.000522   3.744e-05  XNOR2_X1
mul_b1_mult_18_U470            0.0002731   0.0002114    0.000522   3.744e-05  XNOR2_X1
mul_a1_mult_18_U417            0.0002727   0.0002116   0.0005217   3.744e-05  XNOR2_X1
mul_b1_mult_18_U384             0.000272   0.0002121   0.0005216   3.744e-05  XNOR2_X1
mul_b1_mult_18_U490            0.0002757   0.0002082   0.0005213   3.744e-05  XNOR2_X1
mul_b0_mult_18_U331            0.0001598   0.0003485   0.0005212   1.297e-05  INV_X1
mul_b1_mult_18_U364            0.0001975   0.0002881   0.0005212   3.563e-05  OAI22_X1
mul_a1_mult_18_U497             0.000275   0.0002086   0.0005211   3.744e-05  XNOR2_X1
mul_b1_mult_18_U449            0.0002741    0.000209   0.0005205   3.744e-05  XNOR2_X1
mul_b1_mult_18_U420            0.0002734   0.0002096   0.0005204   3.744e-05  XNOR2_X1
sub_fb_sub_18_U2               0.0001919   0.0003139   0.0005202   1.435e-05  INV_X1
mul_b1_mult_18_U423            0.0002742   0.0002085   0.0005201   3.744e-05  XNOR2_X1
mul_a1_mult_18_U367            0.0002714   0.0002112     0.00052   3.744e-05  XNOR2_X1
mul_a1_mult_18_U448             0.000274   0.0002085   0.0005199   3.744e-05  XNOR2_X1
mul_a1_mult_18_U413            0.0002724   0.0002098   0.0005197   3.744e-05  XNOR2_X1
mul_b1_mult_18_U439            0.0002724   0.0002098   0.0005196   3.744e-05  XNOR2_X1
mul_b1_mult_18_U376            0.0002728   0.0002094   0.0005196   3.744e-05  XNOR2_X1
mul_b1_mult_18_U484            0.0002746   0.0002073   0.0005194   3.744e-05  XNOR2_X1
mul_a1_mult_18_U406            0.0002761   0.0002052   0.0005191   3.776e-05  XOR2_X1
mul_a1_mult_18_U436            0.0002725    0.000209   0.0005189   3.744e-05  XNOR2_X1
mul_b1_mult_18_U414            0.0002724    0.000209   0.0005188   3.744e-05  XNOR2_X1
mul_a1_mult_18_U450            0.0002723   0.0002089   0.0005187   3.744e-05  XNOR2_X1
mul_b1_mult_18_U365            0.0001974   0.0002856   0.0005186   3.563e-05  OAI22_X1
mul_a1_mult_18_U419            0.0002735   0.0002075   0.0005185   3.744e-05  XNOR2_X1
FE_RC_16_0                      0.000324   0.0001619   0.0005184    3.25e-05  AOI21_X1
mul_a1_mult_18_U458            0.0002742   0.0002067   0.0005184   3.744e-05  XNOR2_X1
mul_a1_mult_18_U460            0.0002722   0.0002087   0.0005183   3.744e-05  XNOR2_X1
mul_b1_mult_18_U380            0.0002723   0.0002084   0.0005182   3.744e-05  XNOR2_X1
mul_b1_mult_18_U435            0.0002746   0.0002061   0.0005181   3.744e-05  XNOR2_X1
mul_b1_mult_18_U402             0.000274   0.0002067   0.0005181   3.744e-05  XNOR2_X1
mul_b1_mult_18_U392            0.0002723   0.0002083    0.000518   3.744e-05  XNOR2_X1
mul_a1_mult_18_U397            0.0002738   0.0002061   0.0005173   3.744e-05  XNOR2_X1
mul_a1_mult_18_U489            0.0002763   0.0002035   0.0005172   3.744e-05  XNOR2_X1
mul_a1_mult_18_U393            0.0002722   0.0002073    0.000517   3.744e-05  XNOR2_X1
mul_a1_mult_18_U362            0.0001973    0.000284   0.0005169   3.563e-05  OAI22_X1
mul_a1_mult_18_U369             0.000272   0.0002073   0.0005168   3.744e-05  XNOR2_X1
mul_a1_mult_18_U381            0.0002715   0.0002077   0.0005167   3.744e-05  XNOR2_X1
mul_b1_mult_18_U428            0.0002729   0.0002061   0.0005165   3.744e-05  XNOR2_X1
mul_b1_mult_18_U498            0.0002746   0.0002042   0.0005162   3.744e-05  XNOR2_X1
mul_a1_mult_18_U442            0.0002737   0.0002049    0.000516   3.744e-05  XNOR2_X1
mul_b1_mult_18_U499            0.0002753   0.0002033    0.000516   3.744e-05  XNOR2_X1
mul_a1_mult_18_U387            0.0002739   0.0002047    0.000516   3.744e-05  XNOR2_X1
mul_b1_mult_18_U370            0.0002722   0.0002063    0.000516   3.744e-05  XNOR2_X1
mul_a1_mult_18_U421            0.0002736    0.000205    0.000516   3.744e-05  XNOR2_X1
mul_a1_mult_18_U399             0.000273   0.0002055   0.0005159   3.744e-05  XNOR2_X1
mul_a1_mult_18_U498            0.0002759   0.0002026   0.0005159   3.744e-05  XNOR2_X1
mul_b1_mult_18_U447            0.0002737   0.0002047   0.0005159   3.744e-05  XNOR2_X1
mul_b1_mult_18_U445            0.0002746   0.0002038   0.0005158   3.744e-05  XNOR2_X1
FE_RC_17_0                     0.0003233     0.00016   0.0005158    3.25e-05  AOI21_X1
mul_b1_mult_18_U468            0.0002742   0.0002041   0.0005158   3.744e-05  XNOR2_X1
mul_a1_mult_18_U375            0.0002727   0.0002055   0.0005157   3.744e-05  XNOR2_X1
mul_a1_mult_18_U383            0.0002721    0.000206   0.0005155   3.744e-05  XNOR2_X1
mul_a1_mult_18_U434            0.0002746   0.0002034   0.0005154   3.744e-05  XNOR2_X1
mul_a1_mult_18_U495            0.0002769   0.0002009   0.0005153   3.744e-05  XNOR2_X1
mul_b1_mult_18_U427            0.0002723   0.0002055   0.0005152   3.744e-05  XNOR2_X1
mul_a1_mult_18_U446            0.0002736    0.000204   0.0005151   3.744e-05  XNOR2_X1
mul_a1_mult_18_U476            0.0002728   0.0002047   0.0005149   3.744e-05  XNOR2_X1
mul_b1_mult_18_U494            0.0002759   0.0002016   0.0005149   3.744e-05  XNOR2_X1
mul_a1_mult_18_U377            0.0002733    0.000204   0.0005147   3.744e-05  XNOR2_X1
mul_a1_mult_18_U364            0.0002758   0.0002015   0.0005147   3.744e-05  XNOR2_X1
mul_a1_mult_18_U415            0.0002725   0.0002045   0.0005144   3.744e-05  XNOR2_X1
mul_b1_mult_18_U422            0.0002736   0.0002033   0.0005143   3.744e-05  XNOR2_X1
mul_a1_mult_18_U473            0.0002723   0.0002046   0.0005143   3.744e-05  XNOR2_X1
mul_b1_mult_18_U459            0.0002743   0.0002025   0.0005143   3.744e-05  XNOR2_X1
mul_a1_mult_18_U422            0.0002745   0.0002023   0.0005142   3.744e-05  XNOR2_X1
mul_a1_mult_18_U426            0.0002725   0.0002043   0.0005142   3.744e-05  XNOR2_X1
mul_b1_mult_18_U425            0.0002741   0.0002025   0.0005141   3.744e-05  XNOR2_X1
mul_b1_mult_18_U368            0.0002718   0.0002047   0.0005139   3.744e-05  XNOR2_X1
mul_a1_mult_18_U491            0.0002773    0.000199   0.0005137   3.744e-05  XNOR2_X1
mul_b1_mult_18_U378            0.0002735   0.0002027   0.0005137   3.744e-05  XNOR2_X1
FE_RC_15_0                     0.0003236   0.0001576   0.0005136    3.25e-05  AOI21_X1
mul_b1_mult_18_U382            0.0002718   0.0002044   0.0005136   3.744e-05  XNOR2_X1
mul_a1_mult_18_U395            0.0002731   0.0002026   0.0005132   3.744e-05  XNOR2_X1
mul_b1_mult_18_U407            0.0002762   0.0001993   0.0005132   3.776e-05  XOR2_X1
mul_b1_mult_18_U437            0.0002728   0.0002029   0.0005131   3.744e-05  XNOR2_X1
mul_a1_mult_18_U511            0.0002718   0.0002038    0.000513   3.744e-05  XNOR2_X1
mul_a1_mult_18_U440            0.0002731   0.0002024   0.0005129   3.744e-05  XNOR2_X1
mul_a1_mult_18_U404            0.0002726   0.0002029   0.0005129   3.744e-05  XNOR2_X1
mul_b1_mult_18_U482            0.0002769   0.0001984   0.0005128   3.744e-05  XNOR2_X1
mul_a1_mult_18_U424            0.0002742   0.0002008   0.0005125   3.744e-05  XNOR2_X1
mul_b1_mult_18_U474            0.0002723   0.0002027   0.0005124   3.744e-05  XNOR2_X1
mul_b1_mult_18_U396            0.0002738   0.0002012   0.0005124   3.744e-05  XNOR2_X1
mul_b1_mult_18_U441            0.0002732   0.0002017   0.0005123   3.744e-05  XNOR2_X1
mul_b1_mult_18_U418             0.000273   0.0002018   0.0005122   3.744e-05  XNOR2_X1
mul_a1_mult_18_U469            0.0002736   0.0002011   0.0005121   3.744e-05  XNOR2_X1
mul_a1_mult_18_U391             0.000272   0.0002026   0.0005121   3.744e-05  XNOR2_X1
mul_a1_mult_18_U465            0.0002736   0.0002009   0.0005119   3.744e-05  XNOR2_X1
mul_a1_mult_18_U371            0.0002729   0.0002014   0.0005118   3.744e-05  XNOR2_X1
mul_b1_mult_18_U472            0.0002741   0.0002002   0.0005117   3.744e-05  XNOR2_X1
mul_b1_mult_18_U356            0.0002753    0.000199   0.0005117   3.744e-05  XNOR2_X1
mul_b1_mult_18_U416            0.0002725   0.0002017   0.0005116   3.744e-05  XNOR2_X1
mul_b1_mult_18_U486            0.0002748   0.0001992   0.0005114   3.744e-05  XNOR2_X1
mul_b1_mult_18_U452            0.0002734   0.0002005   0.0005113   3.744e-05  XNOR2_X1
mul_b1_mult_18_U398            0.0002746   0.0001989    0.000511   3.744e-05  XNOR2_X1
mul_b1_mult_18_U443             0.000274   0.0001995   0.0005109   3.744e-05  XNOR2_X1
mul_b1_mult_18_U390            0.0002727   0.0002008   0.0005109   3.744e-05  XNOR2_X1
mul_a1_mult_18_U438            0.0002727   0.0002008   0.0005109   3.744e-05  XNOR2_X1
mul_b1_mult_18_U451            0.0002727   0.0002006   0.0005107   3.744e-05  XNOR2_X1
mul_a1_mult_18_U461            0.0002726   0.0002006   0.0005107   3.744e-05  XNOR2_X1
mul_a1_mult_18_U471            0.0002742   0.0001987   0.0005103   3.744e-05  XNOR2_X1
mul_b1_mult_18_U454            0.0002732   0.0001993     0.00051   3.744e-05  XNOR2_X1
mul_a1_mult_18_U474            0.0002731   0.0001993   0.0005099   3.744e-05  XNOR2_X1
mul_a1_mult_18_U429            0.0002732   0.0001993   0.0005099   3.744e-05  XNOR2_X1
mul_b1_mult_18_U388            0.0002747   0.0001974   0.0005096   3.744e-05  XNOR2_X1
mul_b1_mult_18_U412            0.0002747   0.0001974   0.0005096   3.744e-05  XNOR2_X1
mul_a1_mult_18_U467            0.0002745   0.0001975   0.0005095   3.744e-05  XNOR2_X1
mul_b1_mult_18_U461            0.0002724   0.0001996   0.0005094   3.744e-05  XNOR2_X1
mul_a1_mult_18_U389            0.0002722   0.0001997   0.0005094   3.744e-05  XNOR2_X1
mul_a1_mult_18_U451            0.0002734   0.0001985   0.0005093   3.744e-05  XNOR2_X1
mul_a1_mult_18_U427            0.0002733   0.0001982   0.0005089   3.744e-05  XNOR2_X1
mul_b1_mult_18_U477            0.0002729   0.0001986   0.0005089   3.744e-05  XNOR2_X1
mul_b1_mult_18_U400            0.0002738   0.0001975   0.0005088   3.744e-05  XNOR2_X1
mul_b1_mult_18_U462            0.0002726   0.0001987   0.0005087   3.744e-05  XNOR2_X1
mul_a1_mult_18_U411            0.0002748   0.0001963   0.0005086   3.744e-05  XNOR2_X1
mul_a1_mult_18_U463            0.0002731   0.0001976   0.0005081   3.744e-05  XNOR2_X1
mul_b1_mult_18_U475            0.0002731   0.0001972   0.0005078   3.744e-05  XNOR2_X1
mul_b1_mult_18_U394            0.0002732   0.0001962   0.0005069   3.744e-05  XNOR2_X1
mul_b1_mult_18_U430            0.0002733   0.0001946   0.0005054   3.744e-05  XNOR2_X1
mul_b1_mult_18_U464            0.0002731    0.000193   0.0005036   3.744e-05  XNOR2_X1
mul_b0_mult_18_U521            4.092e-05   0.0004436   0.0005016   1.708e-05  NAND2_X1
mul_b0_mult_18_U323            0.0001645   0.0003192   0.0004967   1.297e-05  INV_X1
mul_b1_mult_18_U521            4.091e-05   0.0004341   0.0004921   1.708e-05  NAND2_X1
mul_a1_mult_18_U323            0.0001464   0.0003286   0.0004915    1.65e-05  INV_X1
mul_b1_mult_18_U517             4.09e-05   0.0004321   0.0004901   1.708e-05  NAND2_X1
mul_b0_mult_18_U517            4.093e-05    0.000432     0.00049   1.708e-05  NAND2_X1
mul_b1_mult_18_U358            0.0002539   0.0001978   0.0004897   3.803e-05  XNOR2_X1
mul_b1_mult_18_U529             4.17e-05    0.000429   0.0004878   1.708e-05  NAND2_X1
mul_b1_mult_18_U328            2.732e-05   0.0004428   0.0004844   1.423e-05  INV_X1
mul_a1_mult_18_U520            4.095e-05   0.0004255   0.0004835   1.708e-05  NAND2_X1
mul_b0_mult_18_U525            4.092e-05   0.0004249   0.0004829   1.708e-05  NAND2_X1
mul_b1_mult_18_U351            0.0004565           0   0.0004824   2.596e-05  AOI21_X1
mul_b1_mult_18_U525            4.102e-05   0.0004229    0.000481   1.708e-05  NAND2_X1
mul_a1_mult_18_U355            0.0002532   0.0001896   0.0004808   3.803e-05  XNOR2_X1
mul_a1_mult_18_U516            4.089e-05   0.0004226   0.0004806   1.708e-05  NAND2_X1
mul_b0_mult_18_U509            4.022e-05    0.000423   0.0004803   1.708e-05  NAND2_X1
mul_b1_mult_18_U509            4.029e-05   0.0004213   0.0004787   1.708e-05  NAND2_X1
mul_b0_mult_18_U529            4.171e-05    0.000419   0.0004778   1.708e-05  NAND2_X1
mul_b0_mult_18_U338            2.734e-05   0.0004344    0.000476   1.423e-05  INV_X1
mul_b1_mult_18_U426            0.0001975   0.0002427   0.0004759   3.563e-05  OAI22_X1
mul_b1_mult_18_U424            0.0001975     0.00024   0.0004731   3.563e-05  OAI22_X1
mul_a1_mult_18_U524            4.102e-05   0.0004145   0.0004726   1.708e-05  NAND2_X1
mul_a1_mult_18_U449            0.0001975   0.0002391   0.0004722   3.563e-05  OAI22_X1
mul_a1_mult_18_U363            0.0001981   0.0002369   0.0004706   3.563e-05  OAI22_X1
mul_b0_mult_18_U408            0.0001812   0.0002679   0.0004704   2.129e-05  NOR2_X1
mul_a1_mult_18_U508            4.023e-05   0.0004129   0.0004702   1.708e-05  NAND2_X1
mul_b0_mult_18_U455            0.0001811   0.0002669   0.0004692   2.129e-05  NOR2_X1
mul_a1_mult_18_U327            2.731e-05   0.0004276   0.0004691   1.423e-05  INV_X1
mul_b0_mult_18_U351            0.0004415           0   0.0004672   2.572e-05  AOI21_X1
mul_b1_mult_18_U438            0.0001976   0.0002337    0.000467   3.563e-05  OAI22_X1
FE_RC_19_0                     0.0002918   0.0001418   0.0004667   3.318e-05  AOI21_X1
mul_a1_mult_18_U528             4.18e-05   0.0004071    0.000466   1.708e-05  NAND2_X1
mul_b1_mult_18_U436            0.0001976   0.0002311   0.0004643   3.563e-05  OAI22_X1
mul_a1_mult_18_U356            0.0002517   0.0001873   0.0004628   2.383e-05  OR2_X1
mul_a1_mult_18_U468            0.0001974   0.0002268   0.0004598   3.563e-05  OAI22_X1
FE_OFC0_VIN_del_0              4.289e-05   0.0003947   0.0004591   2.144e-05  BUF_X1
mul_b0_mult_18_U478            0.0001822   0.0002537   0.0004571   2.129e-05  NOR2_X1
mul_b0_mult_18_U332            0.0001357   0.0003073   0.0004558   1.271e-05  INV_X1
mul_b1_mult_18_U360            0.0001976    0.000222   0.0004552   3.563e-05  OAI22_X1
mul_a1_mult_18_U398            0.0001965   0.0002222   0.0004543   3.563e-05  OAI22_X1
mul_b0_mult_18_U431            0.0001815   0.0002514   0.0004542   2.129e-05  NOR2_X1
mul_a1_mult_18_U400            0.0001965   0.0002185   0.0004507   3.563e-05  OAI22_X1
mul_a1_mult_18_U425            0.0001974   0.0002164   0.0004494   3.563e-05  OAI22_X1
mul_b0_mult_18_U330            0.0001646   0.0002718   0.0004494   1.297e-05  INV_X1
mul_b1_mult_18_U403            0.0001968    0.000217   0.0004493   3.563e-05  OAI22_X1
mul_b1_mult_18_U359            0.0002519   0.0001731   0.0004488   2.383e-05  OR2_X1
mul_b1_mult_18_U413            0.0001976   0.0002156   0.0004488   3.563e-05  OAI22_X1
mul_a1_mult_18_U443            0.0001976   0.0002133   0.0004465   3.563e-05  OAI22_X1
mul_b0_mult_18_U328            0.0001207   0.0003122   0.0004454   1.247e-05  INV_X1
mul_a1_mult_18_U503            0.0002882   0.0001209   0.0004445   3.542e-05  AOI222_X1
mul_b1_mult_18_U450            0.0001976     0.00021   0.0004433   3.563e-05  OAI22_X1
mul_a1_mult_18_U457            0.0001975   0.0002092   0.0004423   3.563e-05  OAI22_X1
mul_a1_mult_18_U394            0.0001965   0.0002098   0.0004419   3.563e-05  OAI22_X1
mul_b1_mult_18_U415            0.0001976   0.0002086   0.0004418   3.563e-05  OAI22_X1
mul_b1_mult_18_U421            0.0001976   0.0002068     0.00044   3.563e-05  OAI22_X1
mul_b1_mult_18_U440            0.0001976   0.0002056   0.0004389   3.563e-05  OAI22_X1
mul_b1_mult_18_U458            0.0001976   0.0002056   0.0004388   3.563e-05  OAI22_X1
mul_a1_mult_18_U445            0.0001976   0.0002049   0.0004381   3.563e-05  OAI22_X1
mul_b1_mult_18_U469            0.0001976   0.0002043   0.0004376   3.563e-05  OAI22_X1
mul_b1_mult_18_U442            0.0001976   0.0002041   0.0004374   3.563e-05  OAI22_X1
mul_b1_mult_18_U460            0.0001975    0.000204   0.0004372   3.563e-05  OAI22_X1
mul_b1_mult_18_U389            0.0001967   0.0002041   0.0004364   3.563e-05  OAI22_X1
mul_a1_mult_18_U496            0.0001982   0.0002021   0.0004359   3.563e-05  OAI22_X1
mul_b1_mult_18_U434            0.0001977   0.0002021   0.0004354   3.563e-05  OAI22_X1
mul_a1_mult_18_U388            0.0001964   0.0002032   0.0004352   3.563e-05  OAI22_X1
mul_a1_mult_18_U459            0.0001974    0.000202   0.0004351   3.563e-05  OAI22_X1
mul_b1_mult_18_U497            0.0001983   0.0002008   0.0004347   3.563e-05  OAI22_X1
mul_a1_mult_18_U439            0.0001976   0.0002013   0.0004345   3.563e-05  OAI22_X1
mul_b1_mult_18_U473            0.0001976    0.000199   0.0004322   3.563e-05  OAI22_X1
mul_b0_mult_18_U327             0.000139   0.0002755   0.0004319   1.738e-05  INV_X1
mul_a1_mult_18_U423            0.0001974   0.0001988   0.0004319   3.563e-05  OAI22_X1
mul_b1_mult_18_U320            0.0001334   0.0002803   0.0004309   1.722e-05  INV_X1
mul_a1_mult_18_U433            0.0001976   0.0001976   0.0004308   3.563e-05  OAI22_X1
mul_a1_mult_18_U479            0.0002911   0.0001019   0.0004304   3.744e-05  XNOR2_X1
mul_b1_mult_18_U487            0.0001984   0.0001962   0.0004302   3.563e-05  OAI22_X1
mul_a1_mult_18_U402            0.0001965    0.000198   0.0004301   3.563e-05  OAI22_X1
mul_a1_mult_18_U472            0.0001974    0.000197     0.00043   3.563e-05  OAI22_X1
mul_a1_mult_18_U470            0.0001974   0.0001968   0.0004299   3.563e-05  OAI22_X1
mul_a1_mult_18_U490            0.0001982   0.0001954   0.0004292   3.563e-05  OAI22_X1
mul_b1_mult_18_U417            0.0001976   0.0001948   0.0004281   3.563e-05  OAI22_X1
mul_a1_mult_18_U357            0.0001975    0.000195   0.0004281   3.563e-05  OAI22_X1
mul_b1_mult_18_U444            0.0001977   0.0001947    0.000428   3.563e-05  OAI22_X1
mul_b1_mult_18_U433            0.0002882   0.0001011   0.0004267   3.744e-05  XNOR2_X1
mul_b1_mult_18_U401            0.0001967   0.0001943   0.0004267   3.563e-05  OAI22_X1
mul_a1_mult_18_U432            0.0002881   0.0001011   0.0004266   3.744e-05  XNOR2_X1
mul_b1_mult_18_U410             0.000288   0.0001007   0.0004261   3.744e-05  XNOR2_X1
mul_b1_mult_18_U386             0.000288   0.0001005   0.0004259   3.744e-05  XNOR2_X1
mul_a1_mult_18_U409            0.0002881   0.0001004   0.0004259   3.744e-05  XNOR2_X1
mul_b1_mult_18_U446            0.0001977    0.000192   0.0004253   3.563e-05  OAI22_X1
mul_b1_mult_18_U457            0.0002878    9.99e-05   0.0004251   3.744e-05  XNOR2_X1
mul_a1_mult_18_U385            0.0002873   0.0001003   0.0004251   3.744e-05  XNOR2_X1
mul_a1_mult_18_U456            0.0002879   9.971e-05    0.000425   3.744e-05  XNOR2_X1
mul_b1_mult_18_U485            0.0001984   0.0001901   0.0004241   3.563e-05  OAI22_X1
mul_a1_mult_18_U486            0.0001982   0.0001899   0.0004238   3.563e-05  OAI22_X1
mul_b1_mult_18_U456            0.0001972   0.0001907   0.0004236   3.563e-05  OAI22_X1
mul_a1_mult_18_U466            0.0001975   0.0001899    0.000423   3.563e-05  OAI22_X1
mul_a1_mult_18_U488            0.0001982   0.0001888   0.0004227   3.563e-05  OAI22_X1
mul_a1_mult_18_U492            0.0001982   0.0001888   0.0004226   3.563e-05  OAI22_X1
mul_b1_mult_18_U491            0.0001984   0.0001885   0.0004225   3.563e-05  OAI22_X1
mul_a1_mult_18_U412            0.0001975   0.0001887   0.0004218   3.563e-05  OAI22_X1
mul_a1_mult_18_U435            0.0001976   0.0001884   0.0004216   3.563e-05  OAI22_X1
mul_a1_mult_18_U410            0.0001974   0.0001882   0.0004213   3.563e-05  OAI22_X1
mul_a1_mult_18_U416            0.0001975   0.0001881   0.0004212   3.563e-05  OAI22_X1
mul_a1_mult_18_U414            0.0001975   0.0001868   0.0004199   3.563e-05  OAI22_X1
mul_a1_mult_18_U437            0.0001976   0.0001863   0.0004195   3.563e-05  OAI22_X1
mul_b1_mult_18_U354            0.0001984    0.000185    0.000419   3.563e-05  OAI22_X1
mul_b1_mult_18_U467            0.0001976   0.0001854   0.0004186   3.563e-05  OAI22_X1
mul_a1_mult_18_U494            0.0001982   0.0001848   0.0004186   3.563e-05  OAI22_X1
mul_b1_mult_18_U471            0.0001976   0.0001853   0.0004185   3.563e-05  OAI22_X1
mul_b1_mult_18_U395            0.0001967   0.0001862   0.0004185   3.563e-05  OAI22_X1
sub_fb_sub_18_U6               0.0001555   0.0002418   0.0004171   1.973e-05  NAND2_X1
mul_b1_mult_18_U463            0.0001976   0.0001837   0.0004169   3.563e-05  OAI22_X1
mul_b1_mult_18_U411            0.0001976   0.0001836   0.0004168   3.563e-05  OAI22_X1
mul_a1_mult_18_U484            0.0001983   0.0001825   0.0004164   3.563e-05  OAI22_X1
mul_b0_mult_18_U333            0.0001398   0.0002619   0.0004144   1.271e-05  INV_X1
mul_b1_mult_18_U481            0.0001984   0.0001794   0.0004134   3.563e-05  OAI22_X1
mul_b1_mult_18_U399            0.0001967    0.000181   0.0004133   3.563e-05  OAI22_X1
mul_a1_mult_18_U480            0.0001983   0.0001794   0.0004133   3.563e-05  OAI22_X1
mul_b1_mult_18_U495            0.0001985   0.0001787   0.0004128   3.563e-05  OAI22_X1
mul_a1_mult_18_U352            0.0002659   0.0001214   0.0004127   2.531e-05  AND2_X1
mul_b1_mult_18_U493            0.0001984   0.0001779   0.0004119   3.563e-05  OAI22_X1
mul_a1_mult_18_U441            0.0001976   0.0001783   0.0004115   3.563e-05  OAI22_X1
mul_b1_mult_18_U489            0.0001985   0.0001766   0.0004107   3.563e-05  OAI22_X1
mul_a1_mult_18_U396            0.0001965   0.0001783   0.0004104   3.563e-05  OAI22_X1
mul_b1_mult_18_U409            0.0001972   0.0001775   0.0004104   3.563e-05  OAI22_X1
mul_a1_mult_18_U408            0.0001971   0.0001774   0.0004101   3.563e-05  OAI22_X1
mul_a1_mult_18_U431            0.0001972   0.0001771     0.00041   3.563e-05  OAI22_X1
mul_a1_mult_18_U420            0.0001975   0.0001752   0.0004083   3.563e-05  OAI22_X1
mul_a1_mult_18_U455            0.0001971   0.0001754   0.0004081   3.563e-05  OAI22_X1
mul_a1_mult_18_U462            0.0001975   0.0001743   0.0004074   3.563e-05  OAI22_X1
mul_b0_mult_18_U336            0.0001396    0.000255   0.0004074   1.271e-05  INV_X1
mul_a1_mult_18_U447            0.0001976   0.0001734   0.0004066   3.563e-05  OAI22_X1
mul_b1_mult_18_U432            0.0001973   0.0001737   0.0004066   3.563e-05  OAI22_X1
mul_b0_mult_18_U335            0.0002644   0.0001275   0.0004062   1.435e-05  INV_X1
mul_a1_mult_18_U358            0.0001975   0.0001727   0.0004058   3.563e-05  OAI22_X1
mul_b1_mult_18_U479            0.0001979   0.0001712   0.0004047   3.563e-05  OAI22_X1
mul_b1_mult_18_U371            0.0001583   0.0002091   0.0004044   3.707e-05  OAI22_X1
mul_a1_mult_18_U478            0.0001978   0.0001705   0.0004039   3.563e-05  OAI22_X1
mul_a1_mult_18_U392            0.0001965   0.0001714   0.0004035   3.563e-05  OAI22_X1
mul_a1_mult_18_U384            0.0001961   0.0001708   0.0004025   3.563e-05  OAI22_X1
mul_b1_mult_18_U361            0.0001976   0.0001688    0.000402   3.563e-05  OAI22_X1
mul_b1_mult_18_U480            0.0002634   0.0001011   0.0004019   3.744e-05  XNOR2_X1
mul_a1_mult_18_U372            0.0001581   0.0002058    0.000401   3.707e-05  OAI22_X1
mul_b0_mult_18_U337            0.0001395   0.0002488    0.000401   1.271e-05  INV_X1
mul_b1_mult_18_U448            0.0001978   0.0001663   0.0003997   3.563e-05  OAI22_X1
mul_b1_mult_18_U419            0.0001977   0.0001644   0.0003978   3.563e-05  OAI22_X1
mul_a1_mult_18_U370            0.0001581   0.0002023   0.0003974   3.707e-05  OAI22_X1
mul_b1_mult_18_U367            0.0001581   0.0002019   0.0003971   3.707e-05  OAI22_X1
mul_a1_mult_18_U368            0.0001581   0.0002013   0.0003965   3.707e-05  OAI22_X1
mul_a1_mult_18_U376            0.0001581   0.0002002   0.0003954   3.707e-05  OAI22_X1
mul_b1_mult_18_U385            0.0001911   0.0001669   0.0003936   3.563e-05  OAI22_X1
mul_a1_mult_18_U320            0.0001264    0.000249   0.0003919   1.646e-05  INV_X1
mul_b1_mult_18_U337             2.18e-05   0.0003557   0.0003911   1.362e-05  INV_X1
mul_a1_mult_18_U366            0.0001581    0.000196   0.0003911   3.707e-05  OAI22_X1
mul_b1_mult_18_U369            0.0001582   0.0001947     0.00039   3.707e-05  OAI22_X1
mul_b0_mult_18_U511            0.0002153   0.0001347   0.0003866   3.665e-05  OAI22_X1
mul_b1_mult_18_U391            0.0001967   0.0001536    0.000386   3.563e-05  OAI22_X1
mul_a1_mult_18_U418            0.0001975   0.0001523   0.0003855   3.563e-05  OAI22_X1
mul_a1_mult_18_U482            0.0001984   0.0001506   0.0003846   3.563e-05  OAI22_X1
mul_b1_mult_18_U465            0.0001978   0.0001485   0.0003818   3.563e-05  OAI22_X1
mul_b0_mult_18_U342            2.177e-05   0.0003454   0.0003808   1.362e-05  INV_X1
mul_a1_mult_18_U380            0.0001581   0.0001853   0.0003805   3.707e-05  OAI22_X1
mul_b1_mult_18_U387            0.0001967   0.0001475   0.0003798   3.563e-05  OAI22_X1
mul_b1_mult_18_U393            0.0001967    0.000146   0.0003783   3.563e-05  OAI22_X1
mul_b1_mult_18_U483            0.0001986   0.0001435   0.0003777   3.563e-05  OAI22_X1
mul_b1_mult_18_U505            0.0002305   0.0001143   0.0003773   3.253e-05  AOI222_X1
FE_RC_13_0                     0.0001751   0.0001718   0.0003771   3.019e-05  AOI21_X1
mul_a1_mult_18_U464            0.0001975   0.0001438    0.000377   3.563e-05  OAI22_X1
mul_a1_mult_18_U338            2.175e-05   0.0003405   0.0003758   1.362e-05  INV_X1
mul_a1_mult_18_U378            0.0001581   0.0001803   0.0003755   3.707e-05  OAI22_X1
mul_a1_mult_18_U386            0.0001965   0.0001405   0.0003726   3.563e-05  OAI22_X1
mul_b1_mult_18_U397            0.0001967   0.0001397    0.000372   3.563e-05  OAI22_X1
mul_a1_mult_18_U390            0.0001964   0.0001396   0.0003717   3.563e-05  OAI22_X1
reg_DOUT_U14                   0.0002272   0.0001044   0.0003629    3.12e-05  OAI21_X1
mul_b1_mult_18_U366            0.0001582   0.0001667    0.000362   3.707e-05  OAI22_X1
mul_b1_mult_18_U373            0.0001583   0.0001652   0.0003606   3.707e-05  OAI22_X1
reg_DOUT_U6                    0.0002301   9.819e-05   0.0003595    3.12e-05  OAI21_X1
mul_a1_mult_18_U365            0.0001581   0.0001642   0.0003594   3.707e-05  OAI22_X1
reg_DOUT_U10                   0.0002273   0.0001007   0.0003592    3.12e-05  OAI21_X1
mul_a1_mult_18_U374            0.0001582    0.000164   0.0003592   3.707e-05  OAI22_X1
reg_DOUT_U22                   0.0002273   9.834e-05   0.0003568    3.12e-05  OAI21_X1
reg_DOUT_U8                    0.0002276   9.729e-05   0.0003561    3.12e-05  OAI21_X1
mul_b1_mult_18_U381            0.0001582   0.0001595   0.0003548   3.707e-05  OAI22_X1
reg_DOUT_U20                   0.0002271   9.646e-05   0.0003547    3.12e-05  OAI21_X1
reg_w_U17                      0.0001911   0.0001462   0.0003547   1.739e-05  NAND2_X1
mul_b1_mult_18_U377            0.0001582   0.0001589   0.0003542   3.707e-05  OAI22_X1
mul_b1_mult_18_U324            7.889e-05   0.0002612    0.000353   1.289e-05  INV_X1
reg_DOUT_U12                    0.000227   9.468e-05   0.0003529    3.12e-05  OAI21_X1
reg_DOUT_U18                    0.000227   9.434e-05   0.0003525    3.12e-05  OAI21_X1
reg_DOUT_U16                    0.000227   9.391e-05   0.0003521    3.12e-05  OAI21_X1
reg_DOUT_U2                    0.0002269   9.165e-05   0.0003498    3.12e-05  OAI21_X1
reg_DOUT_U4                    0.0002269   9.044e-05   0.0003485    3.12e-05  OAI21_X1
reg_w_U19                       0.000166   0.0001594   0.0003429   1.739e-05  NAND2_X1
mul_b0_mult_18_U513            3.362e-05   0.0002896   0.0003423   1.909e-05  NAND2_X1
mul_b1_mult_18_U506            0.0002263   8.358e-05   0.0003416   3.167e-05  AOI222_X1
reg_w_U4                       0.0002165   9.023e-05   0.0003379    3.12e-05  OAI21_X1
reg_w_U24                       0.000214    9.22e-05   0.0003374    3.12e-05  OAI21_X1
reg_w_U15                      0.0001664   0.0001534   0.0003372   1.739e-05  NAND2_X1
reg_w_U6                        0.000216   8.924e-05   0.0003364    3.12e-05  OAI21_X1
reg_w_U10                      0.0002132   9.154e-05    0.000336    3.12e-05  OAI21_X1
reg_w_U12                      0.0002115   9.028e-05    0.000333   3.121e-05  OAI21_X1
mul_b0_mult_18_U325            0.0001575   0.0001615    0.000332   1.297e-05  INV_X1
reg_w_U2                        0.000215   8.502e-05   0.0003312    3.12e-05  OAI21_X1
reg_w_U14                      0.0002073   9.217e-05   0.0003307    3.12e-05  OAI21_X1
mul_b1_mult_18_U379            0.0001582   0.0001353   0.0003306   3.707e-05  OAI22_X1
reg_w_U25                      0.0001665   0.0001466   0.0003305   1.739e-05  NAND2_X1
reg_w_U5                       0.0001628   0.0001495   0.0003297   1.739e-05  NAND2_X1
reg_w_U8                       0.0002148   8.259e-05   0.0003286    3.12e-05  OAI21_X1
mul_b1_mult_18_U513            3.343e-05   0.0002751   0.0003276   1.909e-05  NAND2_X1
mul_a1_mult_18_U512            3.326e-05   0.0002751   0.0003275   1.909e-05  NAND2_X1
reg_w_U18                       0.000208   8.759e-05   0.0003268    3.12e-05  OAI21_X1
reg_w_U20                      0.0002102   8.522e-05   0.0003266    3.12e-05  OAI21_X1
reg_w_U22                      0.0002118   8.318e-05   0.0003262    3.12e-05  OAI21_X1
mul_b1_mult_18_U375            0.0001583   0.0001307   0.0003262   3.707e-05  OAI22_X1
reg_w_U3                       0.0001626    0.000145    0.000325   1.739e-05  NAND2_X1
mul_a1_mult_18_U321            0.0001001   0.0002078    0.000325    1.71e-05  INV_X1
reg_w_U16                      0.0002103   8.265e-05   0.0003242    3.12e-05  OAI21_X1
mul_a1_mult_18_U345            0.0001708    0.000116   0.0003183   3.155e-05  MUX2_X1
mul_b0_mult_18_U515            0.0001336   0.0001432   0.0003144   3.757e-05  OAI21_X1
mul_b1_mult_18_U342            0.0001705   0.0001118   0.0003138   3.155e-05  MUX2_X1
reg_w_U21                      0.0001662   0.0001295   0.0003131   1.739e-05  NAND2_X1
reg_w_U23                      0.0001662   0.0001291   0.0003127   1.739e-05  NAND2_X1
mul_b0_mult_18_U507            0.0001327   0.0001401   0.0003103   3.757e-05  OAI21_X1
reg_w_U7                       0.0001633   0.0001253   0.0003061   1.739e-05  NAND2_X1
reg_w_U13                      0.0001654   0.0001227   0.0003055   1.739e-05  NAND2_X1
mul_b1_mult_18_U334            8.767e-05   0.0002048   0.0003054   1.289e-05  INV_X1
reg_w_U11                      0.0001646   0.0001228   0.0003048   1.739e-05  NAND2_X1
mul_b1_mult_18_U333             8.93e-05   0.0002015   0.0003037   1.289e-05  INV_X1
mul_b0_mult_18_U527            0.0001334    0.000132   0.0003029   3.757e-05  OAI21_X1
reg_w_U9                        0.000161   0.0001239   0.0003024   1.739e-05  NAND2_X1
mul_a1_mult_18_U332            8.756e-05   0.0001968   0.0002973   1.289e-05  INV_X1
mul_a1_mult_18_U452            0.0001665    9.07e-05    0.000297   3.981e-05  OAI22_X1
mul_b0_mult_18_U519            0.0001338   0.0001255   0.0002968   3.757e-05  OAI21_X1
reg_DOUT_U7                    0.0001637   0.0001155   0.0002967   1.739e-05  NAND2_X1
mul_a1_mult_18_U510            0.0001609   9.875e-05    0.000296   3.628e-05  OAI22_X1
mul_a1_mult_18_U330             9.07e-05   0.0001924    0.000296   1.289e-05  INV_X1
mul_b1_mult_18_U326            9.154e-05   0.0001862   0.0002953   1.755e-05  INV_X1
FE_RC_10_0                     0.0001656   9.591e-05   0.0002941   3.255e-05  AOI21_X1
mul_a1_mult_18_U504            0.0001798    8.03e-05   0.0002927   3.255e-05  AOI222_X1
FE_RC_6_0                      0.0001654   9.287e-05   0.0002908   3.255e-05  AOI21_X1
FE_RC_8_0                      0.0001755   8.449e-05   0.0002902   3.019e-05  AOI21_X1
reg_DOUT_U9                    0.0001326   0.0001383   0.0002883   1.739e-05  NAND2_X1
mul_b1_mult_18_U511            0.0001612   9.069e-05   0.0002882   3.628e-05  OAI22_X1
mul_b1_mult_18_U323            9.106e-05   0.0001829   0.0002868   1.289e-05  INV_X1
FE_RC_7_0                      0.0001643   8.856e-05   0.0002854   3.255e-05  AOI21_X1
FE_RC_11_0                     0.0001655   8.657e-05   0.0002847   3.255e-05  AOI21_X1
FE_RC_5_0                      0.0001657   8.587e-05   0.0002841   3.255e-05  AOI21_X1
FE_RC_12_0                     0.0001645   8.662e-05   0.0002836   3.255e-05  AOI21_X1
FE_RC_9_0                      0.0001657   8.515e-05   0.0002834   3.255e-05  AOI21_X1
mul_a1_mult_18_U324            9.089e-05   0.0001782    0.000282   1.289e-05  INV_X1
mul_a1_mult_18_U318            8.339e-05   0.0001781   0.0002744   1.289e-05  INV_X1
reg_DOUT_U3                    0.0001324   0.0001236   0.0002734   1.739e-05  NAND2_X1
mul_a1_mult_18_U505            0.0001754   6.603e-05   0.0002731   3.166e-05  AOI222_X1
reg_DOUT_U13                   0.0001323   0.0001224   0.0002722   1.739e-05  NAND2_X1
FE_RC_3_0                      0.0001475   9.015e-05   0.0002709   3.325e-05  AOI21_X1
reg_DOUT_U17                   0.0001323   0.0001198   0.0002695   1.739e-05  NAND2_X1
reg_DOUT_U15                   0.0001323   0.0001184   0.0002681   1.739e-05  NAND2_X1
reg_DOUT_U19                   0.0001323   0.0001179   0.0002676   1.739e-05  NAND2_X1
reg_DOUT_U21                   0.0001323   0.0001179   0.0002676   1.739e-05  NAND2_X1
reg_DOUT_U5                    0.0001323   0.0001168   0.0002665   1.739e-05  NAND2_X1
reg_DOUT_U23                   0.0001325   0.0001164   0.0002662   1.739e-05  NAND2_X1
reg_DOUT_U11                   0.0001325    0.000116   0.0002659   1.739e-05  NAND2_X1
mul_a1_mult_18_U329            7.032e-05   0.0001774   0.0002603   1.263e-05  INV_X1
FE_RC_4_0                      0.0001479   7.816e-05   0.0002593   3.325e-05  AOI21_X1
mul_b1_mult_18_U331            7.037e-05   0.0001745   0.0002575   1.263e-05  INV_X1
mul_b1_mult_18_U327            7.749e-05   0.0001607   0.0002555   1.732e-05  INV_X1
mul_a1_mult_18_U331            9.088e-05   0.0001495   0.0002533   1.289e-05  INV_X1
mul_b1_mult_18_U332            7.249e-05   0.0001599    0.000245   1.263e-05  INV_X1
mul_a1_mult_18_U335            8.035e-05   0.0001516   0.0002449   1.289e-05  INV_X1
mul_b1_mult_18_U330            9.126e-05    0.000138   0.0002421   1.289e-05  INV_X1
mul_a1_mult_18_U336            7.084e-05   0.0001565   0.0002399   1.263e-05  INV_X1
mul_a1_mult_18_U333            7.279e-05   0.0001522   0.0002376   1.263e-05  INV_X1
mul_a1_mult_18_U334            7.278e-05   0.0001505   0.0002359   1.263e-05  INV_X1
mul_b0_mult_18_U528            0.0001507   5.967e-05   0.0002349   2.453e-05  OR3_X1
mul_b0_mult_18_U524            0.0001505    5.74e-05   0.0002325   2.453e-05  OR3_X1
mul_b0_mult_18_U520            0.0001506   5.675e-05   0.0002319   2.453e-05  OR3_X1
mul_b0_mult_18_U516            0.0001505    5.55e-05   0.0002305   2.453e-05  OR3_X1
mul_b1_mult_18_U336            7.331e-05   0.0001423   0.0002282   1.263e-05  INV_X1
FE_DBTC0_sw_1                  0.0001173   9.602e-05    0.000227   1.362e-05  INV_X1
mul_b1_mult_18_U335            7.317e-05   0.0001377   0.0002235   1.263e-05  INV_X1
mul_b1_mult_18_U408            8.515e-05   0.0001163    0.000223   2.161e-05  NOR2_X1
mul_a1_mult_18_U325            6.852e-05   0.0001368   0.0002228   1.749e-05  INV_X1
mul_b0_mult_18_U343            2.661e-05   0.0001791   0.0002193   1.362e-05  INV_X1
mul_b1_mult_18_U478            8.618e-05   0.0001114   0.0002192   2.161e-05  NOR2_X1
mul_b1_mult_18_U455            8.543e-05   0.0001116   0.0002186   2.161e-05  NOR2_X1
mul_a1_mult_18_U454            8.537e-05   0.0001107   0.0002177   2.161e-05  NOR2_X1
mul_b1_mult_18_U339            2.719e-05   0.0001755   0.0002163   1.362e-05  INV_X1
mul_a1_mult_18_U407            8.524e-05   0.0001093   0.0002162   2.161e-05  NOR2_X1
mul_b1_mult_18_U329            6.335e-05   0.0001396   0.0002153    1.24e-05  INV_X1
mul_a1_mult_18_U477            8.625e-05   0.0001063   0.0002142   2.161e-05  NOR2_X1
mul_b1_mult_18_U514            9.337e-05   8.588e-05   0.0002133   3.406e-05  XOR2_X1
mul_a1_mult_18_U337            2.653e-05   0.0001728   0.0002129   1.362e-05  INV_X1
mul_b1_mult_18_U431            8.552e-05   0.0001056   0.0002127   2.161e-05  NOR2_X1
mul_a1_mult_18_U430            8.555e-05   0.0001049   0.0002121   2.161e-05  NOR2_X1
mul_a1_mult_18_U328            6.359e-05   0.0001342   0.0002102    1.24e-05  INV_X1
mul_b0_mult_18_U514            9.372e-05   8.132e-05   0.0002091   3.406e-05  XOR2_X1
mul_a1_mult_18_U513            9.326e-05   8.165e-05    0.000209   3.406e-05  XOR2_X1
mul_b1_mult_18_U523             7.17e-05   9.348e-05   0.0002021   3.696e-05  OAI21_X1
mul_a1_mult_18_U326            6.036e-05   0.0001214    0.000199   1.728e-05  INV_X1
mul_b0_mult_18_U345            2.862e-05   0.0001553   0.0001976   1.362e-05  INV_X1
mul_b0_mult_18_U340            0.0001361   3.671e-05   0.0001961   2.327e-05  AND2_X1
mul_b0_mult_18_U523            7.696e-05   7.831e-05   0.0001928   3.757e-05  OAI21_X1
mul_b1_mult_18_U347            2.818e-05   0.0001496   0.0001914   1.362e-05  INV_X1
mul_b1_mult_18_U507             7.53e-05   7.651e-05   0.0001888   3.696e-05  OAI21_X1
mul_a1_mult_18_U522            7.543e-05   7.451e-05   0.0001869   3.696e-05  OAI21_X1
mul_a1_mult_18_U341            2.875e-05   0.0001444   0.0001868   1.362e-05  INV_X1
mul_b1_mult_18_U527            7.542e-05   7.369e-05   0.0001861   3.696e-05  OAI21_X1
mul_b0_mult_18_U341            0.0001272   3.293e-05   0.0001856   2.547e-05  AND3_X1
mul_a1_mult_18_U518            7.554e-05   7.284e-05   0.0001853   3.696e-05  OAI21_X1
mul_a1_mult_18_U526            7.522e-05   7.314e-05   0.0001853   3.696e-05  OAI21_X1
mul_b1_mult_18_U340            2.872e-05   0.0001429   0.0001853   1.362e-05  INV_X1
mul_a1_mult_18_U514            7.549e-05   7.244e-05   0.0001849   3.696e-05  OAI21_X1
mul_a1_mult_18_U343            2.857e-05   0.0001422   0.0001844   1.362e-05  INV_X1
mul_b1_mult_18_U345            2.907e-05   0.0001415   0.0001842   1.362e-05  INV_X1
mul_b1_mult_18_U519             7.18e-05   7.463e-05   0.0001834   3.696e-05  OAI21_X1
mul_b0_mult_18_U344            2.947e-05   0.0001385   0.0001816   1.362e-05  INV_X1
mul_a1_mult_18_U506              7.4e-05   7.043e-05   0.0001816   3.713e-05  OAI21_X1
mul_a1_mult_18_U340            2.897e-05   0.0001389   0.0001814   1.362e-05  INV_X1
mul_b0_mult_18_U347            2.888e-05   0.0001381   0.0001806   1.362e-05  INV_X1
mul_b1_mult_18_U515             7.18e-05   7.119e-05     0.00018   3.696e-05  OAI21_X1
mul_b0_mult_18_U357            0.0001563           0    0.000178    2.17e-05  NOR2_X1
mul_b1_mult_18_U325            7.608e-05    8.18e-05   0.0001705   1.263e-05  INV_X1
mul_b0_mult_18_U508            9.674e-05   5.682e-05   0.0001691   1.549e-05  NAND3_X1
mul_a1_mult_18_U529            8.792e-05   3.218e-05   0.0001561   3.597e-05  XNOR2_X1
mul_b0_mult_18_U530            8.791e-05   3.119e-05   0.0001551   3.597e-05  XNOR2_X1
mul_b1_mult_18_U343            0.0001035   2.765e-05   0.0001545   2.337e-05  AND2_X1
mul_a1_mult_18_U346            0.0001034   2.708e-05   0.0001539   2.337e-05  AND2_X1
mul_b1_mult_18_U530            8.757e-05    2.96e-05   0.0001531   3.597e-05  XNOR2_X1
mul_a1_mult_18_U509            8.329e-05   3.319e-05   0.0001524   3.597e-05  XNOR2_X1
mul_b1_mult_18_U518            8.307e-05   3.303e-05   0.0001521   3.597e-05  XNOR2_X1
mul_b1_mult_18_U526            8.311e-05   3.281e-05   0.0001519   3.597e-05  XNOR2_X1
mul_b1_mult_18_U510            8.334e-05   3.223e-05   0.0001515   3.597e-05  XNOR2_X1
mul_a1_mult_18_U521            8.307e-05   3.246e-05   0.0001515   3.597e-05  XNOR2_X1
mul_a1_mult_18_U525            8.304e-05   3.244e-05   0.0001514   3.597e-05  XNOR2_X1
mul_b1_mult_18_U522            8.306e-05   3.231e-05   0.0001513   3.597e-05  XNOR2_X1
mul_b0_mult_18_U526              8.3e-05   3.157e-05   0.0001505   3.597e-05  XNOR2_X1
mul_b0_mult_18_U510            8.339e-05   3.116e-05   0.0001505   3.597e-05  XNOR2_X1
mul_a1_mult_18_U517            8.301e-05   3.111e-05   0.0001501   3.597e-05  XNOR2_X1
mul_b0_mult_18_U522            8.316e-05   3.026e-05   0.0001494   3.597e-05  XNOR2_X1
mul_b0_mult_18_U518            8.301e-05   3.014e-05   0.0001491   3.597e-05  XNOR2_X1
mul_a1_mult_18_U527            8.388e-05   3.282e-05   0.0001411   2.435e-05  OR3_X1
mul_b1_mult_18_U520             8.38e-05   3.254e-05   0.0001407   2.435e-05  OR3_X1
mul_a1_mult_18_U523            8.378e-05   3.163e-05   0.0001398   2.435e-05  OR3_X1
mul_a1_mult_18_U515             8.37e-05    3.13e-05   0.0001393   2.435e-05  OR3_X1
mul_a1_mult_18_U519            8.376e-05   3.092e-05    0.000139   2.435e-05  OR3_X1
mul_b1_mult_18_U516            8.373e-05   3.091e-05    0.000139   2.435e-05  OR3_X1
mul_b1_mult_18_U524            8.377e-05   3.043e-05   0.0001385   2.435e-05  OR3_X1
mul_b1_mult_18_U528            7.978e-05   3.093e-05   0.0001351   2.435e-05  OR3_X1
mul_b1_mult_18_U344            7.983e-05   2.319e-05   0.0001289   2.587e-05  AND3_X1
mul_a1_mult_18_U342            3.739e-05   7.495e-05    0.000126   1.362e-05  INV_X1
mul_b0_mult_18_U346            3.741e-05   7.453e-05   0.0001256   1.362e-05  INV_X1
mul_a1_mult_18_U347            7.928e-05   1.978e-05   0.0001249   2.587e-05  AND3_X1
mul_b1_mult_18_U346            3.664e-05   7.363e-05   0.0001239   1.362e-05  INV_X1
mul_b1_mult_18_U508            5.751e-05   3.091e-05    0.000105   1.661e-05  NAND3_X1
reg_a1_U20                     4.427e-05   2.205e-05   9.753e-05    3.12e-05  OAI21_X1
reg_a1_U12                     4.426e-05   2.113e-05   9.659e-05    3.12e-05  OAI21_X1
reg_a1_U18                     4.427e-05   2.106e-05   9.653e-05    3.12e-05  OAI21_X1
mul_b1_mult_18_U357            7.382e-05           0   9.594e-05   2.211e-05  NOR2_X1
reg_a1_U22                     4.432e-05   2.037e-05   9.589e-05    3.12e-05  OAI21_X1
reg_b0_U24                     4.429e-05   2.027e-05   9.576e-05    3.12e-05  OAI21_X1
mul_a1_mult_18_U354            7.357e-05           0   9.568e-05   2.211e-05  NOR2_X1
reg_b1_U6                      4.428e-05   1.987e-05   9.535e-05    3.12e-05  OAI21_X1
reg_DIN_U8                     4.221e-05   2.124e-05   9.465e-05    3.12e-05  OAI21_X1
reg_b1_U24                     4.429e-05   1.903e-05   9.452e-05    3.12e-05  OAI21_X1
reg_a1_U8                      4.426e-05   1.905e-05   9.451e-05    3.12e-05  OAI21_X1
reg_b0_U22                     4.427e-05   1.899e-05   9.447e-05    3.12e-05  OAI21_X1
reg_b1_U10                     4.427e-05   1.891e-05   9.438e-05    3.12e-05  OAI21_X1
reg_a1_U14                     4.424e-05   1.878e-05   9.422e-05    3.12e-05  OAI21_X1
reg_DIN_U24                    4.219e-05   2.081e-05   9.421e-05    3.12e-05  OAI21_X1
reg_b1_U8                      4.427e-05   1.865e-05   9.412e-05    3.12e-05  OAI21_X1
reg_b1_U4                      4.461e-05   1.827e-05   9.409e-05    3.12e-05  OAI21_X1
reg_b1_U18                     4.427e-05   1.847e-05   9.394e-05    3.12e-05  OAI21_X1
reg_b1_U22                     4.427e-05    1.82e-05   9.368e-05    3.12e-05  OAI21_X1
reg_a1_U10                     4.428e-05    1.81e-05   9.358e-05    3.12e-05  OAI21_X1
reg_a1_U4                       4.46e-05   1.777e-05   9.358e-05    3.12e-05  OAI21_X1
reg_b1_U16                     4.427e-05   1.809e-05   9.357e-05    3.12e-05  OAI21_X1
reg_b0_U20                     4.217e-05   2.016e-05   9.353e-05    3.12e-05  OAI21_X1
reg_DIN_U18                    4.216e-05   2.012e-05   9.348e-05    3.12e-05  OAI21_X1
reg_b1_U20                     4.427e-05   1.784e-05   9.331e-05    3.12e-05  OAI21_X1
reg_b1_U12                     4.427e-05   1.781e-05   9.328e-05    3.12e-05  OAI21_X1
reg_a1_U6                      4.425e-05   1.755e-05   9.301e-05    3.12e-05  OAI21_X1
reg_DIN_U20                    4.214e-05   1.939e-05   9.273e-05    3.12e-05  OAI21_X1
reg_a1_U16                     4.423e-05   1.724e-05   9.267e-05    3.12e-05  OAI21_X1
reg_DIN_U12                    4.213e-05   1.927e-05    9.26e-05    3.12e-05  OAI21_X1
reg_b1_U14                     4.425e-05   1.713e-05   9.259e-05    3.12e-05  OAI21_X1
reg_DIN_U14                    4.213e-05   1.917e-05    9.25e-05    3.12e-05  OAI21_X1
reg_DIN_U16                    4.213e-05     1.9e-05   9.233e-05    3.12e-05  OAI21_X1
reg_DIN_U10                    4.211e-05   1.863e-05   9.194e-05    3.12e-05  OAI21_X1
reg_b0_U12                      4.21e-05   1.862e-05   9.193e-05    3.12e-05  OAI21_X1
reg_a1_U24                     4.211e-05    1.86e-05   9.191e-05    3.12e-05  OAI21_X1
reg_b0_U14                     4.209e-05   1.815e-05   9.144e-05    3.12e-05  OAI21_X1
reg_DIN_U22                    4.209e-05   1.809e-05   9.138e-05    3.12e-05  OAI21_X1
reg_b0_U10                     4.208e-05   1.804e-05   9.133e-05    3.12e-05  OAI21_X1
reg_b0_U6                      4.211e-05   1.791e-05   9.123e-05    3.12e-05  OAI21_X1
reg_b0_U18                     4.208e-05   1.792e-05    9.12e-05    3.12e-05  OAI21_X1
reg_b0_U4                      4.214e-05   1.781e-05   9.116e-05    3.12e-05  OAI21_X1
reg_b0_U16                     4.207e-05   1.782e-05    9.11e-05    3.12e-05  OAI21_X1
reg_DIN_U4                      4.21e-05   1.774e-05   9.104e-05    3.12e-05  OAI21_X1
reg_b0_U8                      4.209e-05   1.768e-05   9.097e-05    3.12e-05  OAI21_X1
reg_DIN_U6                     4.206e-05   1.739e-05   9.065e-05    3.12e-05  OAI21_X1
mul_a1_mult_18_U507            4.517e-05   2.397e-05   8.575e-05   1.661e-05  NAND3_X1
FE_RC_1_0                      4.031e-05   1.209e-05   7.384e-05   2.144e-05  BUF_X1
FF_VOUT_FD_0_U3                3.174e-05   1.718e-05   6.956e-05   2.065e-05  NAND2_X1
reg_a1_U5                      2.634e-05   1.635e-05   6.009e-05   1.739e-05  NAND2_X1
reg_b1_U5                      2.623e-05   1.594e-05   5.956e-05   1.739e-05  NAND2_X1
reg_a1_U11                     2.466e-05    1.75e-05   5.955e-05   1.739e-05  NAND2_X1
sub_fb_sub_18_U8               2.128e-05   2.409e-05     5.9e-05   1.362e-05  INV_X1
reg_b1_U25                     2.472e-05   1.679e-05    5.89e-05   1.739e-05  NAND2_X1
reg_a1_U17                     2.473e-05   1.674e-05   5.886e-05   1.739e-05  NAND2_X1
reg_b1_U13                     2.458e-05   1.685e-05   5.882e-05   1.739e-05  NAND2_X1
reg_b1_U23                     2.463e-05   1.674e-05   5.876e-05   1.739e-05  NAND2_X1
reg_a1_U19                      2.47e-05   1.666e-05   5.875e-05   1.739e-05  NAND2_X1
reg_b1_U17                     2.457e-05   1.674e-05    5.87e-05   1.739e-05  NAND2_X1
reg_a1_U21                     2.468e-05   1.662e-05   5.869e-05   1.739e-05  NAND2_X1
reg_a1_U7                      2.468e-05   1.655e-05   5.862e-05   1.739e-05  NAND2_X1
reg_b1_U21                     2.461e-05   1.661e-05   5.861e-05   1.739e-05  NAND2_X1
reg_a1_U15                     2.469e-05   1.648e-05   5.856e-05   1.739e-05  NAND2_X1
reg_b1_U9                      2.462e-05   1.649e-05    5.85e-05   1.739e-05  NAND2_X1
reg_b0_U25                     2.476e-05   1.617e-05   5.832e-05   1.739e-05  NAND2_X1
reg_b1_U19                     2.458e-05   1.632e-05    5.83e-05   1.739e-05  NAND2_X1
reg_b1_U7                      2.467e-05   1.623e-05   5.829e-05   1.739e-05  NAND2_X1
reg_b0_U23                     2.476e-05   1.605e-05    5.82e-05   1.739e-05  NAND2_X1
reg_b1_U15                     2.457e-05   1.618e-05   5.814e-05   1.739e-05  NAND2_X1
reg_a1_U9                      2.469e-05   1.597e-05   5.805e-05   1.739e-05  NAND2_X1
reg_b1_U11                      2.46e-05   1.603e-05   5.802e-05   1.739e-05  NAND2_X1
reg_a1_U13                      2.47e-05   1.581e-05   5.791e-05   1.739e-05  NAND2_X1
reg_DIN_U19                    1.996e-05   1.773e-05   5.508e-05   1.739e-05  NAND2_X1
reg_b0_U15                     1.995e-05   1.696e-05    5.43e-05   1.739e-05  NAND2_X1
reg_b0_U17                     1.994e-05   1.672e-05   5.406e-05   1.739e-05  NAND2_X1
reg_b0_U19                     1.994e-05   1.671e-05   5.405e-05   1.739e-05  NAND2_X1
reg_b0_U11                     1.994e-05   1.668e-05   5.402e-05   1.739e-05  NAND2_X1
reg_DIN_U7                     1.994e-05   1.667e-05   5.401e-05   1.739e-05  NAND2_X1
reg_DIN_U9                     1.994e-05   1.666e-05   5.399e-05   1.739e-05  NAND2_X1
reg_DIN_U11                    1.994e-05   1.664e-05   5.398e-05   1.739e-05  NAND2_X1
reg_a1_U23                     1.994e-05   1.664e-05   5.397e-05   1.739e-05  NAND2_X1
reg_b0_U7                      1.996e-05   1.661e-05   5.396e-05   1.739e-05  NAND2_X1
reg_b0_U9                      1.995e-05   1.661e-05   5.396e-05   1.739e-05  NAND2_X1
reg_DIN_U21                    1.994e-05   1.661e-05   5.394e-05   1.739e-05  NAND2_X1
reg_b0_U13                     1.994e-05   1.659e-05   5.393e-05   1.739e-05  NAND2_X1
reg_DIN_U13                    1.994e-05   1.655e-05   5.388e-05   1.739e-05  NAND2_X1
reg_DIN_U15                    1.994e-05   1.649e-05   5.382e-05   1.739e-05  NAND2_X1
reg_DIN_U17                    1.994e-05   1.639e-05   5.372e-05   1.739e-05  NAND2_X1
reg_b0_U5                      2.003e-05   1.626e-05   5.369e-05   1.739e-05  NAND2_X1
reg_DIN_U23                    1.993e-05   1.621e-05   5.353e-05   1.739e-05  NAND2_X1
reg_DIN_U25                    1.993e-05    1.62e-05   5.353e-05   1.739e-05  NAND2_X1
reg_b0_U21                     1.993e-05   1.619e-05   5.351e-05   1.739e-05  NAND2_X1
reg_a1_U25                     1.993e-05    1.61e-05   5.342e-05   1.739e-05  NAND2_X1
reg_DIN_U5                     2.003e-05   1.591e-05   5.333e-05   1.739e-05  NAND2_X1
FE_RC_2_0                      1.422e-05   1.199e-05   4.056e-05   1.435e-05  INV_X1

---------------------------------------------------------------------------------------

Total (   1068 of   1068  )       0.4508      0.3679     0.8632     0.04447
Total Capacitance                 6.76e-12 F
Power Density                   *** No Die Area ***
